2025-07-29 12:19:00,350 - Plate Detected: ICOZ T 7420 at [652, 371, 1159, 861]
2025-07-29 12:19:00,994 - Plate Detected: 1G0ZT7420 at [758, 356, 1308, 874]
2025-07-29 12:19:02,419 - Plate Detected: TG0Z1 7420 at [778, 283, 1300, 780]
2025-07-29 12:19:06,269 - Plate Detected: TGOZIn at [1304, 280, 1802, 824]
2025-07-29 12:19:27,672 - Plate Detected: Tg07 [7L20 at [511, 311, 985, 746]
2025-07-29 12:19:27,893 - Plate Detected: Tg07T 7420 at [558, 309, 1015, 728]
2025-07-29 12:19:28,934 - Plate Detected: TG07 T 7420 at [587, 311, 1032, 731]
2025-07-29 12:19:29,369 - Plate Detected: TG 07T 7420 at [586, 312, 1032, 734]
2025-07-29 12:21:28,127 - Plate Detected: Tg0z1 7420 at [694, 323, 1129, 742]
2025-07-29 12:21:28,533 - Plate Detected: Tg07 T at [679, 371, 1115, 798]
2025-07-29 12:21:28,739 - Plate Detected: Tg0z T at [672, 372, 1113, 800]
2025-07-29 12:21:29,077 - Plate Detected: Tg07 T at [667, 374, 1113, 802]
2025-07-29 12:21:29,529 - Plate Detected: TGOZ 1 7420 at [684, 391, 1133, 819]
2025-07-29 12:21:29,736 - Plate Detected: Tg0z T at [702, 398, 1150, 829]
2025-07-29 12:21:30,006 - Plate Detected: 1G0Z T 7420 at [705, 378, 1166, 823]
2025-07-29 12:21:30,463 - Plate Detected: 1607 T at [750, 394, 1239, 874]
2025-07-29 12:21:30,633 - Plate Detected: Motontea at [747, 396, 1240, 878]
2025-07-29 12:21:30,778 - Plate Detected: Tg07 T at [736, 391, 1229, 869]
2025-07-29 12:21:30,974 - Plate Detected: TG0z T at [739, 387, 1232, 868]
2025-07-29 12:21:31,373 - Plate Detected: Tg07 ] at [756, 367, 1242, 850]
2025-07-29 12:21:31,820 - Plate Detected: 1G07 I at [775, 412, 1257, 887]
2025-07-29 12:21:32,161 - Plate Detected: TG07 1 7420 at [776, 393, 1259, 869]
2025-07-29 12:21:32,161 - Plate Detected: Moioa caa at [776, 393, 1259, 869]
2025-07-29 12:21:32,665 - Plate Detected: Tg07T 740 at [795, 394, 1304, 892]
2025-07-29 12:21:33,013 - Plate Detected: Motor Car at [787, 389, 1318, 909]
2025-07-29 12:21:33,013 - Plate Detected: Tgoz T at [787, 389, 1318, 909]
2025-07-29 12:21:33,241 - Plate Detected: Doton &e at [775, 393, 1308, 915]
2025-07-29 12:21:33,242 - Plate Detected: Lol9odi at [775, 393, 1308, 915]
2025-07-29 12:21:33,242 - Plate Detected: Tg07 T at [775, 393, 1308, 915]
2025-07-29 12:21:33,453 - Plate Detected: CIorol  at [751, 398, 1287, 923]
2025-07-29 12:21:33,453 - Plate Detected: Tgoz T at [751, 398, 1287, 923]
2025-07-29 12:21:33,641 - Plate Detected: Tg07 T at [735, 421, 1274, 950]
2025-07-29 12:21:34,317 - Plate Detected: Motor Cab at [718, 422, 1255, 947]
2025-07-29 12:21:34,748 - Plate Detected: TG0ZT 7L20 at [732, 415, 1264, 944]
2025-07-29 12:21:34,992 - Plate Detected: Ditealjo at [734, 400, 1265, 930]
2025-07-29 12:21:34,992 - Plate Detected: Tgoz T at [734, 400, 1265, 930]
2025-07-29 12:21:35,174 - Plate Detected: TG07 I at [731, 392, 1267, 913]
2025-07-29 12:21:35,694 - Plate Detected: TG 0z I at [717, 132, 1247, 639]
2025-07-29 12:21:35,925 - Plate Detected: TG0z1 7420 at [714, 139, 1247, 643]
2025-07-29 12:21:36,101 - Plate Detected: Tg07 I at [705, 156, 1234, 660]
2025-07-29 12:21:36,259 - Plate Detected: Tgoz T at [698, 171, 1228, 671]
2025-07-29 12:21:36,450 - Plate Detected: TG0ZT 7L20 at [689, 184, 1215, 691]
2025-07-29 12:21:36,637 - Plate Detected: Tg0z ] at [693, 177, 1221, 677]
2025-07-29 12:21:36,788 - Plate Detected: TGOZI 7420 at [684, 171, 1207, 672]
2025-07-29 12:21:36,968 - Plate Detected: Tg0z T at [678, 178, 1209, 683]
2025-07-29 12:21:37,122 - Plate Detected: TG0Z 1 7420 at [665, 192, 1191, 697]
2025-07-29 12:21:37,299 - Plate Detected: 1G0707L20 at [651, 195, 1182, 700]
2025-07-29 12:21:37,469 - Plate Detected: Tg07 T at [650, 190, 1182, 698]
2025-07-29 12:21:37,630 - Plate Detected: TG0Z T 7420 at [634, 184, 1160, 690]
2025-07-29 12:21:37,792 - Plate Detected: Tg07 T at [615, 186, 1144, 690]
2025-07-29 12:21:37,969 - Plate Detected: TG0Z [ 7420 at [622, 191, 1150, 690]
2025-07-29 12:21:38,121 - Plate Detected: GOZT 7L20 at [627, 194, 1155, 695]
2025-07-29 12:21:38,298 - Plate Detected: 1G0Z [ 7L20 at [612, 192, 1141, 697]
2025-07-29 12:21:38,457 - Plate Detected: 1GOZ 1 7420 at [612, 186, 1144, 691]
2025-07-29 12:21:38,638 - Plate Detected: TG0Z T 7420 at [604, 184, 1131, 691]
2025-07-29 12:21:38,798 - Plate Detected: Tgoz I at [605, 170, 1132, 666]
2025-07-29 12:21:39,052 - Plate Detected: TGOZI 7420 at [605, 147, 1133, 646]
2025-07-29 12:21:39,230 - Plate Detected: Tg0z ] 7420 at [596, 139, 1125, 640]
2025-07-29 12:21:39,388 - Plate Detected: Tg0z17420 at [588, 135, 1118, 631]
2025-07-29 12:21:39,693 - Plate Detected: TG0z1 7420 at [588, 137, 1110, 636]
2025-07-29 12:21:39,995 - Plate Detected: TGOZ1 7420 at [591, 160, 1116, 658]
2025-07-29 12:21:40,287 - Plate Detected: 1GOZ[ 7L20 at [589, 171, 1108, 658]
2025-07-29 12:21:40,551 - Plate Detected: Tg0z 1 7L20 at [571, 169, 1088, 661]
2025-07-29 12:21:40,866 - Plate Detected: Tg0z T 7420 at [588, 188, 1110, 681]
2025-07-29 12:21:41,169 - Plate Detected: Tg0z1 7L20 at [588, 199, 1111, 693]
2025-07-29 12:21:41,460 - Plate Detected: Tg 07T 7L20 at [585, 195, 1108, 689]
2025-07-29 12:21:41,770 - Plate Detected: TG0Z [ 7420 at [576, 211, 1105, 714]
2025-07-29 12:21:42,059 - Plate Detected: Tg07 [ 7420 at [589, 207, 1112, 704]
2025-07-29 12:21:42,363 - Plate Detected: Tg0z17420 at [587, 202, 1110, 696]
2025-07-29 12:21:42,664 - Plate Detected: Tg0z1 7420 at [573, 196, 1099, 697]
2025-07-29 12:21:42,976 - Plate Detected: TgOz[7Lz0 at [520, 182, 1087, 721]
2025-07-29 12:21:43,298 - Plate Detected: Tg07 T7L20 at [494, 133, 1111, 716]
2025-07-29 12:21:43,623 - Plate Detected: TG0717420 at [491, 168, 1127, 771]
2025-07-29 12:21:43,829 - Plate Detected: TG0zT 7420 at [489, 159, 1120, 758]
2025-07-29 12:21:44,232 - Plate Detected: TG07T 7420 at [483, 156, 1404, 760]
2025-07-29 12:21:44,501 - Plate Detected: TG07 17420 at [467, 224, 1115, 844]
2025-07-29 12:21:44,747 - Plate Detected: TG0z 1 7420 at [463, 219, 1624, 844]
2025-07-29 12:21:44,978 - Plate Detected: Tg0z [ 7420 at [460, 198, 1107, 807]
2025-07-29 12:21:45,227 - Plate Detected: Tg07 17620 at [456, 194, 1589, 808]
2025-07-29 12:21:45,444 - Plate Detected: Tg0z 1 7420 at [429, 210, 1080, 825]
2025-07-29 12:21:45,677 - Plate Detected: Tg0z 1 74z0 at [428, 207, 1577, 826]
2025-07-29 12:21:46,199 - Plate Detected: Dunnosats at [245, 241, 1053, 859]
2025-07-29 12:21:46,199 - Plate Detected: TG0ZI74z0 at [245, 241, 1053, 859]
2025-07-29 12:21:46,199 - Plate Detected: Lion_no879qinaa107da at [245, 241, 1053, 859]
2025-07-29 12:21:46,781 - Plate Detected: Tc0z1 1Lz0 at [427, 203, 1066, 804]
2025-07-29 12:21:47,381 - Plate Detected: Ndo_01_0361 € at [423, 224, 1067, 825]
2025-07-29 12:21:47,381 - Plate Detected: Ia 139n5ln at [423, 224, 1067, 825]
2025-07-29 12:21:47,381 - Plate Detected: TG0z lZLzu at [423, 224, 1067, 825]
