2025-07-29 12:27:52,428 | 🚗 CAR (0.62) | Plate: 7420
2025-07-29 12:27:52,869 | 🚗 CAR (0.89) | Plate: T607 | 1670
2025-07-29 12:27:53,073 | 🚗 CAR (0.91) | Plate: T607 T 7420
2025-07-29 12:27:53,441 | 🚗 CAR (0.74) | Plate: 7420
2025-07-29 12:27:53,762 | 🚗 CAR (0.71) | Plate: 7420
2025-07-29 12:27:54,309 | 🚗 CAR (0.62) | Plate: 7420
2025-07-29 12:27:55,505 | 🚗 CAR (0.56) | Plate: T7420
2025-07-29 12:27:56,025 | 🚗 CAR (0.61) | Plate: TG07 T 7420
2025-07-29 12:27:56,324 | 🚗 CAR (0.70) | Plate: 7420
2025-07-29 12:27:56,756 | 🚗 CAR (0.87) | Plate: 7420
2025-07-29 12:27:57,072 | 🚗 CAR (0.72) | Plate: 7420
2025-07-29 12:27:57,451 | 🚗 CAR (0.64) | Plate: TG07 T 7420
2025-07-29 12:27:57,958 | 🚗 CAR (0.51) | Plate: 7420
2025-07-29 12:27:58,205 | 🚗 CAR (0.62) | Plate: 7420
2025-07-29 12:27:59,376 | 🚗 CAR (0.52) | Plate: TG07 T7420
2025-07-29 12:27:59,642 | 🚗 CAR (0.63) | Plate: 7420
2025-07-29 12:28:00,236 | 🚗 CAR (0.72) | Plate: 7L20
2025-07-29 12:28:00,721 | 🚗 CAR (0.64) | Plate: 7420
2025-07-29 12:28:01,476 | 🚗 CAR (0.52) | Plate: BOTTLE UBT?
2025-07-29 12:28:01,962 | 🚗 CAR (0.66) | Plate: 7420
2025-07-29 12:28:02,384 | 🚗 CAR (0.84) | Plate: 7420
2025-07-29 12:28:03,501 | 🚗 CAR (0.54) | Plate: 7420
2025-07-29 12:28:03,938 | 🚗 CAR (0.84) | Plate: 7420
2025-07-29 12:28:04,384 | 🚗 CAR (0.82) | Plate: 7420
2025-07-29 12:28:04,908 | 🚗 CAR (0.72) | Plate: TG07 T7420
2025-07-29 12:28:05,049 | 🚗 CAR (0.71) | Plate: 7420
2025-07-29 12:28:05,466 | 🚗 CAR (0.61) | Plate: 7420
2025-07-29 12:28:05,691 | 🚗 CAR (0.88) | Plate: 7420
2025-07-29 12:28:06,051 | 🚗 CAR (0.91) | Plate: TG6T1 TKZM
2025-07-29 12:28:06,434 | 🚗 CAR (0.86) | Plate: 7420
2025-07-29 12:28:06,938 | 🚗 CAR (0.75) | Plate: TC0/1 / 0
2025-07-29 12:28:07,370 | 🚗 CAR (0.84) | Plate: DOTON
2025-07-29 12:28:07,790 | 🚗 CAR (0.87) | Plate: COTON
2025-07-29 12:28:08,204 | 🚗 CAR (0.81) | Plate: COTORT
2025-07-29 12:28:08,595 | 🚗 CAR (0.90) | Plate: DOTON
2025-07-29 12:28:09,009 | 🚗 CAR (0.86) | Plate: IDAA
2025-07-29 12:28:09,394 | 🚗 CAR (0.91) | Plate: COLONT
2025-07-29 12:28:09,803 | 🚗 CAR (0.89) | Plate: DOTON
2025-07-29 12:28:10,190 | 🚗 CAR (0.88) | Plate: DOTUN
2025-07-29 12:28:10,603 | 🚗 CAR (0.89) | Plate: ADTODT
2025-07-29 12:28:11,062 | 🚗 CAR (0.88) | Plate: ESTONT
2025-07-29 12:28:11,567 | 🚗 CAR (0.80) | Plate: MEEOCOT
2025-07-29 12:28:11,940 | 🚗 CAR (0.84) | Plate: NORNA
2025-07-29 12:28:12,579 | 🚗 CAR (0.80) | Plate: NORIANA
2025-07-29 12:28:13,062 | 🚗 CAR (0.83) | Plate: INORTEAAN
2025-07-29 12:28:13,595 | 🚗 CAR (0.58) | Plate: TG07 T 7LZ0
2025-07-29 12:28:13,884 | 🚗 CAR (0.75) | Plate: TG07T7620
2025-07-29 12:28:14,335 | 🚗 CAR (0.60) | Plate: TGO7T7L20
2025-07-29 12:28:14,623 | 🚗 CAR (0.71) | Plate: TGOZT7420
2025-07-29 12:28:14,889 | 🚗 CAR (0.67) | Plate: 1607 [
2025-07-29 12:28:15,266 | 🚗 CAR (0.72) | Plate: EENO
2025-07-29 12:28:15,661 | 🚗 CAR (0.78) | Plate: INA"
2025-07-29 12:28:16,015 | 🚗 CAR (0.75) | Plate: SHNE
2025-07-29 12:28:16,302 | 🚗 CAR (0.60) | Plate: OJOY
2025-07-29 12:28:16,618 | 🚗 CAR (0.78) | Plate: 1420
2025-07-29 12:28:17,153 | 🚗 CAR (0.71) | Plate: (ZAF) YOC
2025-07-29 12:28:17,546 | 🚗 CAR (0.87) | Plate: NORUTA ANCUINDO3S1 6267
2025-07-29 12:28:17,833 | 🚗 CAR (0.77) | Plate: RONIRANICOINNPOJ91 0367
2025-07-29 12:28:18,150 | 🚗 CAR (0.52) | Plate: RONNRA NINOINNPOJ91 0267
2025-07-29 12:28:18,452 | 🚗 CAR (0.79) | Plate: CDDCG
2025-07-29 12:28:18,891 | 🚗 CAR (0.69) | Plate: JAIU '
2025-07-29 12:28:19,363 | 🚗 CAR (0.79) | Plate: NONLANE C
2025-07-29 12:28:19,913 | 🚗 CAR (0.73) | Plate: TTGO7T7L201
2025-07-29 12:28:20,402 | 🚗 CAR (0.74) | Plate: CETETEON _
2025-07-29 12:28:25,111 | 🚗 CAR (0.84) | Plate: 7420
2025-07-29 12:28:25,703 | 🚗 CAR (0.51) | Plate: BCTTLE
2025-07-29 12:28:25,907 | 🚗 CAR (0.78) | Plate: 7420
2025-07-29 12:28:26,312 | 🚗 CAR (0.74) | Plate: 7 420
2025-07-29 12:28:26,747 | 🚗 CAR (0.82) | Plate: 7420
2025-07-29 12:28:27,140 | 🚗 CAR (0.72) | Plate: TG07 T 7420
2025-07-29 12:28:27,560 | 🚗 CAR (0.72) | Plate: 7420
2025-07-29 12:28:27,947 | 🚗 CAR (0.64) | Plate: 7420
2025-07-29 12:28:28,354 | 🚗 CAR (0.77) | Plate: 7420
2025-07-29 12:28:28,548 | 🚗 CAR (0.80) | Plate: 7420
2025-07-29 12:28:29,208 | 🚗 CAR (0.71) | Plate: TSOFEAEAD
2025-07-29 12:28:29,635 | 🚗 CAR (0.84) | Plate: TC07 W7D
2025-07-29 12:28:30,032 | 🚗 CAR (0.76) | Plate: 7420
2025-07-29 12:28:30,402 | 🚗 CAR (0.84) | Plate: 7420
2025-07-29 12:28:30,850 | 🚗 CAR (0.84) | Plate: TG07T 7420
2025-07-29 12:28:31,276 | 🚗 CAR (0.89) | Plate: 7420
2025-07-29 12:28:31,568 | 🚗 CAR (0.74) | Plate: OJOY
2025-07-29 12:28:32,214 | 🚗 CAR (0.90) | Plate: TG07 T 7L20
2025-07-29 12:28:32,472 | 🚗 CAR (0.72) | Plate: 0JJOY
2025-07-29 12:28:33,314 | 🚗 CAR (0.92) | Plate: TG 07 T 7420
2025-07-29 12:28:33,813 | 🚗 CAR (0.89) | Plate: TG07 T 7L20
2025-07-29 12:28:34,369 | 🚗 CAR (0.88) | Plate: TG 07 T 7420
2025-07-29 12:28:34,631 | 🚗 CAR (0.88) | Plate: T 7420
2025-07-29 12:28:34,900 | 🚗 CAR (0.90) | Plate: TG 07 T 7420
2025-07-29 12:28:35,172 | 🚗 CAR (0.89) | Plate: 7420
2025-07-29 12:28:35,672 | 🚗 CAR (0.92) | Plate: TG07 T 7420
2025-07-29 12:28:36,305 | 🚗 CAR (0.88) | Plate: TG07 T 7420
2025-07-29 12:28:36,950 | 🚗 CAR (0.88) | Plate: 7L20
2025-07-29 12:28:37,416 | 🚗 CAR (0.90) | Plate: TG07 T 7420
2025-07-29 12:28:38,290 | 🚗 CAR (0.90) | Plate: 7420
2025-07-29 12:28:39,085 | 🚗 CAR (0.92) | Plate: 7420
2025-07-29 12:28:39,892 | 🚗 CAR (0.90) | Plate: 7420
2025-07-29 12:28:40,348 | 🚗 CAR (0.91) | Plate: TG07 T 7420
2025-07-29 12:28:40,773 | 🚗 CAR (0.93) | Plate: 7420
2025-07-29 12:28:41,245 | 🚗 CAR (0.91) | Plate: 7420
2025-07-29 12:28:41,732 | 🚗 CAR (0.89) | Plate: TG 07 T7420
2025-07-29 12:28:42,251 | 🚗 CAR (0.91) | Plate: T7420
2025-07-29 12:28:58,784 | 🚗 CAR (0.88) | Plate: IG0711670
2025-07-29 12:28:58,984 | 🚗 CAR (0.91) | Plate: TG07 T 7420
2025-07-29 12:28:59,315 | 🚗 CAR (0.91) | Plate: TG0Z I 7420
2025-07-29 12:28:59,654 | 🚗 CAR (0.90) | Plate: TG0Z T
2025-07-29 12:28:59,998 | 🚗 CAR (0.87) | Plate: TGOZI 7L20
2025-07-29 12:29:00,444 | 🚗 CAR (0.84) | Plate: TG07 T
2025-07-29 12:29:00,682 | 🚗 CAR (0.91) | Plate: TG0Z I 7L20
2025-07-29 12:29:01,015 | 🚗 CAR (0.89) | Plate: MOTON
2025-07-29 12:29:01,355 | 🚗 CAR (0.93) | Plate: TG0Z T
2025-07-29 12:29:01,680 | 🚗 CAR (0.92) | Plate: OTORT
2025-07-29 12:29:02,011 | 🚗 CAR (0.90) | Plate: TG0ZT 7L20
2025-07-29 12:29:02,340 | 🚗 CAR (0.91) | Plate: TG0Z1
2025-07-29 12:29:02,690 | 🚗 CAR (0.92) | Plate: TGOZ T
2025-07-29 12:29:03,046 | 🚗 CAR (0.87) | Plate: TG0Z T
2025-07-29 12:29:03,399 | 🚗 CAR (0.88) | Plate: TG0ZT
2025-07-29 12:29:03,859 | 🚗 CAR (0.86) | Plate: TG0ZI 7L20
2025-07-29 12:29:04,171 | 🚗 CAR (0.81) | Plate: OTON
2025-07-29 12:29:04,422 | 🚗 CAR (0.90) | Plate: TG0Z T
2025-07-29 12:29:04,971 | 🚗 CAR (0.91) | Plate: ICAL
2025-07-29 12:29:05,362 | 🚗 CAR (0.91) | Plate: TG0ZI 7L20
2025-07-29 12:29:05,705 | 🚗 CAR (0.88) | Plate: TG0Z 1 7420
2025-07-29 12:29:06,070 | 🚗 CAR (0.90) | Plate: MOTONT
2025-07-29 12:29:06,440 | 🚗 CAR (0.88) | Plate: MOTOR
2025-07-29 12:29:06,806 | 🚗 CAR (0.91) | Plate: TOTURT
2025-07-29 12:29:07,167 | 🚗 CAR (0.91) | Plate: HOTON
2025-07-29 12:29:07,544 | 🚗 CAR (0.90) | Plate: MOTOR
2025-07-29 12:29:07,922 | 🚗 CAR (0.92) | Plate: TG0Z
2025-07-29 12:29:08,257 | 🚗 CAR (0.90) | Plate: OTUN
2025-07-29 12:29:08,621 | 🚗 CAR (0.92) | Plate: TG0Z T
2025-07-29 12:29:08,985 | 🚗 CAR (0.91) | Plate: OTUN
2025-07-29 12:29:09,350 | 🚗 CAR (0.89) | Plate: MOTOR
2025-07-29 12:29:09,717 | 🚗 CAR (0.85) | Plate: TOTON
2025-07-29 12:29:10,350 | 🚗 CAR (0.84) | Plate: KEEO
2025-07-29 12:29:10,749 | 🚗 CAR (0.83) | Plate: SEOJ 
2025-07-29 12:29:11,121 | 🚗 CAR (0.89) | Plate: ICAE
2025-07-29 12:29:11,462 | 🚗 CAR (0.82) | Plate: FOTON
2025-07-29 12:29:11,810 | 🚗 CAR (0.84) | Plate: MOTUN
2025-07-29 12:29:12,187 | 🚗 CAR (0.80) | Plate: TENE
2025-07-29 12:29:12,541 | 🚗 CAR (0.83) | Plate: UTOA
2025-07-29 12:29:12,857 | 🚗 CAR (0.86) | Plate: ICNB
2025-07-29 12:29:13,196 | 🚗 CAR (0.91) | Plate: HOTUN
2025-07-29 12:29:13,554 | 🚗 CAR (0.86) | Plate: MOTOR
2025-07-29 12:29:13,899 | 🚗 CAR (0.88) | Plate: OTOR
2025-07-29 12:29:14,207 | 🚗 CAR (0.86) | Plate: TEAD
2025-07-29 12:29:14,521 | 🚗 CAR (0.90) | Plate: OTON
2025-07-29 12:30:54,339 | 🚗 CAR (0.77) | Plate: TS09EX55/9
2025-07-29 12:30:56,136 | 🚗 CAR (0.78) | Plate: NORUY9 NINONINPOJOT
2025-07-29 12:30:56,463 | 🚗 CAR (0.78) | Plate: HOTDTE TI MIOILINPOJBI 9367
2025-07-29 12:30:57,306 | 🚗 CAR (0.86) | Plate: NORWANLPOL80J91097
2025-07-29 12:30:57,783 | 🚗 CAR (0.74) | Plate: NORTIVANIOLINNO3O1 0367
2025-07-29 12:30:58,207 | 🚗 CAR (0.79) | Plate: NON9NIOLTI.00391 0367
2025-07-29 12:30:58,676 | 🚗 CAR (0.76) | Plate: ALNOLINE0901 0367
2025-07-29 12:30:59,277 | 🚗 CAR (0.58) | Plate: FIOITETIILNOUINPO3OT0267
2025-07-29 12:30:59,614 | 🚗 CAR (0.77) | Plate: NOANA NINOIJINN039103C]
2025-07-29 12:31:00,092 | 🚗 CAR (0.62) | Plate: NOMA NI NOBING0391 9367
2025-07-29 12:31:00,607 | 🚗 CAR (0.71) | Plate: NONUANOLINPOJOU
2025-07-29 12:31:01,575 | 🚗 CAR (0.55) | Plate: ALGH
2025-07-29 12:31:02,162 | 🚗 CAR (0.61) | Plate: DLOH
2025-07-29 12:31:02,552 | 🚗 CAR (0.67) | Plate: NORIA NLNOILINPO391 0307
2025-07-29 12:31:03,516 | 🚗 CAR (0.52) | Plate: DLOH
2025-07-29 12:31:07,900 | 📸 TRUCK (0.57) | Plate: JUEHU
2025-07-29 12:31:08,260 | 🚗 CAR (0.59) | Plate: TSO9EX55L8
2025-07-29 12:31:08,601 | 📸 TRUCK (0.51) | Plate: TSO9EX55L8
2025-07-29 12:31:08,852 | 🚗 CAR (0.51) | Plate: TSO9EX55L8
2025-07-29 12:31:09,146 | 🚗 CAR (0.66) | Plate: TSO9EX55L8
2025-07-29 12:31:09,454 | 🚗 CAR (0.58) | Plate: TSO9EX55L8
2025-07-29 12:31:09,691 | 📸 TRUCK (0.57) | Plate: TSO9EX5548
2025-07-29 12:31:10,029 | 🚗 CAR (0.67) | Plate: TSO9EX5548
2025-07-29 12:31:10,389 | 📸 TRUCK (0.59) | Plate: NOTIANNOL
2025-07-29 12:31:10,657 | 🚗 CAR (0.53) | Plate: NOUIININOL
2025-07-29 12:31:11,047 | 🚗 CAR (0.73) | Plate: TSO9EX5548
2025-07-29 12:31:11,394 | 🚗 CAR (0.62) | Plate: 91937
2025-07-29 12:31:11,743 | 🚗 CAR (0.59) | Plate: TSO9EX55L8
2025-07-29 12:31:12,065 | 🚗 CAR (0.69) | Plate: TSO9EX55L8
2025-07-29 12:31:12,419 | 🚗 CAR (0.69) | Plate: PINPO29NE
2025-07-29 12:31:12,744 | 🚗 CAR (0.60) | Plate: 15597
2025-07-29 12:31:13,086 | 🚗 CAR (0.79) | Plate: TSO9EX5SL8
2025-07-29 12:31:13,458 | 🚗 CAR (0.83) | Plate: TSO9EX55L8
2025-07-29 12:32:32,361 | 🚗 CAR (0.69) | Plate: 680"XU" AU
2025-07-29 12:32:32,982 | 🚗 CAR (0.75) | Plate: TSO9EX55L8
2025-07-29 12:32:33,358 | 🚗 CAR (0.69) | Plate: T,09E/5578
2025-07-29 12:32:33,709 | 🚗 CAR (0.68) | Plate: TSO9EX55L8
2025-07-29 12:32:34,115 | 🚗 CAR (0.80) | Plate: TSO9EX55L8
2025-07-29 12:32:34,492 | 🚗 CAR (0.82) | Plate: TSO9EX55L8
2025-07-29 12:32:34,888 | 🚗 CAR (0.84) | Plate: ~TSO9EX55L8
2025-07-29 12:32:35,243 | 🚗 CAR (0.87) | Plate: TSO9EX55L8
2025-07-29 12:32:35,619 | 🚗 CAR (0.87) | Plate: TSO9EX55L8
2025-07-29 12:32:35,998 | 🚗 CAR (0.77) | Plate: 13ASLU
2025-07-29 12:32:36,347 | 🚗 CAR (0.82) | Plate: TSO9EX5SL8
2025-07-29 12:32:36,719 | 🚗 CAR (0.76) | Plate: TSO9EX5SL8
2025-07-29 12:32:37,093 | 🚗 CAR (0.69) | Plate: TSO9EX55L8
2025-07-29 12:32:37,470 | 🚗 CAR (0.71) | Plate: TSO9EX55L8
2025-07-29 12:32:37,886 | 🚗 CAR (0.77) | Plate: TSO9EX55L8
2025-07-29 12:32:38,273 | 🚗 CAR (0.79) | Plate: TSO9EX55L8
2025-07-29 12:32:38,688 | 🚗 CAR (0.85) | Plate: TSO9EX55L8
2025-07-29 12:32:39,131 | 🚗 CAR (0.87) | Plate: TSO9EX55L8
2025-07-29 12:32:39,504 | 🚗 CAR (0.57) | Plate: TSO9EX5SL8
2025-07-29 12:32:40,139 | 🚗 CAR (0.54) | Plate: TSO9EX55L8
2025-07-29 12:32:40,549 | 🚗 CAR (0.54) | Plate: TSO9EX55L8]
2025-07-29 12:32:40,956 | 🚗 CAR (0.74) | Plate: TSO9EX5SL8
2025-07-29 12:32:41,355 | 🚗 CAR (0.72) | Plate: TSO9EX5SL8
2025-07-29 12:32:41,752 | 🚗 CAR (0.61) | Plate: TSO9EX55L8
2025-07-29 12:32:42,131 | 🚗 CAR (0.56) | Plate: TSO9EX55L8
2025-07-29 12:32:42,512 | 🚗 CAR (0.67) | Plate: TSO9EX55L8
2025-07-29 12:32:42,905 | 🚗 CAR (0.66) | Plate: TSO9EX55L8
2025-07-29 12:32:43,578 | 🚗 CAR (0.52) | Plate: TSO9EX5SL8
2025-07-29 12:32:44,014 | 🚗 CAR (0.68) | Plate: TSO9EX55L8
2025-07-29 12:32:44,444 | 🚗 CAR (0.55) | Plate: TSO9EX55L8
2025-07-29 12:32:44,898 | 🚗 CAR (0.74) | Plate: TSO9EX55L8
2025-07-29 12:32:45,312 | 🚗 CAR (0.60) | Plate: TSO9EX5548
2025-07-29 12:32:47,677 | 🚗 CAR (0.65) | Plate: TSO9EX55L8
2025-07-29 12:32:48,111 | 🚗 CAR (0.75) | Plate: TSO9EX55L8I
2025-07-29 12:32:48,546 | 🚗 CAR (0.73) | Plate: TSO9EX55L8
2025-07-29 12:32:48,919 | 🚗 CAR (0.68) | Plate: TSO9EX5SL8
2025-07-29 12:32:49,326 | 🚗 CAR (0.54) | Plate: TSO9EX55L8
2025-07-29 12:32:50,097 | 🚗 CAR (0.63) | Plate: TSO9EX55L8
2025-07-29 12:32:50,654 | 🚗 CAR (0.63) | Plate: IS09EX5SL8
2025-07-29 12:35:57,176 | 🚗 CAR (0.75) | Plate: TSO9EX55L8
2025-07-29 12:35:58,016 | 🚗 CAR (0.59) | Plate: TSO9EX55L8
2025-07-29 12:35:58,988 | 🚗 CAR (0.73) | Plate: TSO9EX55L8
2025-07-29 12:36:00,083 | 🚗 CAR (0.74) | Plate: TSO9EX5SLBI
2025-07-29 12:36:00,499 | 🚗 CAR (0.84) | Plate: TSO9EX55L8;
2025-07-29 12:36:00,954 | 🚗 CAR (0.78) | Plate: TSO9EX5SL8
2025-07-29 12:36:01,421 | 🚗 CAR (0.79) | Plate: TSO9EX55L8
2025-07-29 12:36:01,835 | 🚗 CAR (0.84) | Plate: TSO9EX55L8
2025-07-29 12:36:02,265 | 🚗 CAR (0.55) | Plate: TSO9EX55Z8
2025-07-29 12:36:02,706 | 🚗 CAR (0.67) | Plate: TSO9EX55L8
2025-07-29 12:36:03,126 | 🚗 CAR (0.76) | Plate: TSO9EX5SL8;
2025-07-29 12:36:03,584 | 🚗 CAR (0.73) | Plate: TSO9EX55L8
2025-07-29 12:36:03,992 | 🚗 CAR (0.69) | Plate: TSO9EX55L8
2025-07-29 12:36:04,462 | 🚗 CAR (0.73) | Plate: TSO9EX5SL8
2025-07-29 12:36:05,220 | 🚗 CAR (0.62) | Plate: TSO9EX5' /,0
2025-07-29 12:36:05,656 | 🚗 CAR (0.64) | Plate: TSO9EX55L8
2025-07-29 12:36:07,290 | 🚗 CAR (0.54) | Plate: TSO9EXS5LB
2025-07-29 12:36:07,746 | 🚗 CAR (0.80) | Plate: TSO9EX5SLB
2025-07-29 12:36:09,079 | 🚗 CAR (0.54) | Plate: NONIANNOUINPO_910369
2025-07-29 12:36:09,340 | 📸 TRUCK (0.53) | Plate: NONIANNOUINPO_910369 (0.11)
2025-07-29 12:36:09,794 | 🚗 CAR (0.80) | Plate:  NNNOMNDES
2025-07-29 12:36:10,227 | 🚗 CAR (0.79) | Plate: MERR
2025-07-29 12:36:11,253 | 🚗 CAR (0.80) | Plate: TSO9EXSSZ8
2025-07-29 12:36:11,730 | 🚗 CAR (0.78) | Plate: TSO9EX55L8;
2025-07-29 12:36:12,238 | 🚗 CAR (0.79) | Plate: TSO9EX55L8
2025-07-29 12:36:12,703 | 🚗 CAR (0.61) | Plate: TSO9EXSSL8
2025-07-29 12:37:58,388 | 🚗 CAR (0.92) | Plate: "TG 09 0 3860
2025-07-29 12:37:58,703 | 🚗 CAR (0.94) | Plate: TG 09 0 3860
2025-07-29 12:37:59,051 | 🚗 CAR (0.92) | Plate: "TG 09 D 3860
2025-07-29 12:37:59,563 | 🚗 CAR (0.91) | Plate: TG 09 D 3860
2025-07-29 12:37:59,906 | 🚗 CAR (0.91) | Plate: "TG 09 D 38607
2025-07-29 12:38:00,238 | 🚗 CAR (0.93) | Plate: "TG 09 0 38607
2025-07-29 12:38:00,583 | 🚗 CAR (0.92) | Plate: "TG 09 0 3860
2025-07-29 12:38:00,932 | 🚗 CAR (0.92) | Plate: "TG 09 D 3860
2025-07-29 12:38:01,301 | 🚗 CAR (0.90) | Plate: "TG 09 0 386070O5S1
2025-07-29 12:38:01,657 | 🚗 CAR (0.91) | Plate: "TG 09 0 3860
2025-07-29 12:38:02,055 | 🚗 CAR (0.92) | Plate: "TG 09 D 3860
2025-07-29 12:38:02,464 | 🚗 CAR (0.93) | Plate: TG 09 D 3860 E0351
2025-07-29 12:38:02,845 | 🚗 CAR (0.94) | Plate: 0O3919
2025-07-29 12:38:03,203 | 🚗 CAR (0.95) | Plate: 00J91 93
2025-07-29 12:38:03,577 | 🚗 CAR (0.96) | Plate: INPOJ
2025-07-29 12:38:03,936 | 🚗 CAR (0.96) | Plate: NOLTINPOJ
2025-07-29 12:38:04,508 | 🚗 CAR (0.96) | Plate: NONJINP
2025-07-29 12:38:04,867 | 🚗 CAR (0.93) | Plate: TEO?-2BE0
2025-07-29 12:38:05,893 | 🚗 CAR (0.93) | Plate: TG 09 0 3860
2025-07-29 12:38:06,245 | 🚗 CAR (0.94) | Plate: "TG 09 D 38601
2025-07-29 12:38:06,550 | 🚗 CAR (0.95) | Plate: "TG 09 D 38607
2025-07-29 12:38:06,882 | 🚗 CAR (0.92) | Plate: "TC 09 0 3860
2025-07-29 12:38:07,211 | 🚗 CAR (0.93) | Plate: TG 09 D 3860
2025-07-29 12:38:07,582 | 🚗 CAR (0.93) | Plate: TG 09 D 38607
2025-07-29 12:38:07,954 | 🚗 CAR (0.90) | Plate: "TG 09 D 38607
2025-07-29 12:38:08,332 | 🚗 CAR (0.93) | Plate: "TG 09 0 3860
2025-07-29 12:38:08,712 | 🚗 CAR (0.93) | Plate: CIG 09 D 38607
2025-07-29 12:38:09,108 | 🚗 CAR (0.90) | Plate: "IG 09 D 3860
2025-07-29 12:38:09,481 | 🚗 CAR (0.94) | Plate: "TG 09 D 38601
2025-07-29 12:38:09,859 | 🚗 CAR (0.94) | Plate: TG 09 0 3860
2025-07-29 12:38:10,578 | 🚗 CAR (0.95) | Plate: CIG 09 D 3860
2025-07-29 12:38:10,911 | 🚗 CAR (0.95) | Plate: MRAN NOUTINGO391 9347
2025-07-29 12:38:11,321 | 🚗 CAR (0.94) | Plate: NONNANI NOBINT
2025-07-29 12:38:11,728 | 🚗 CAR (0.94) | Plate: NONI
2025-07-29 12:38:12,168 | 🚗 CAR (0.95) | Plate: TG 09 D 3860
2025-07-29 12:38:25,464 | 🚗 CAR (0.65) | Plate: TS08JUO8 10
2025-07-29 12:38:26,208 | 🚗 CAR (0.65) | Plate: DLOH
2025-07-29 12:38:26,716 | 🚗 CAR (0.65) | Plate: NORFV9 NL NOLJINPOJ9T 8367
2025-07-29 12:38:27,218 | 🚗 CAR (0.79) | Plate: NORLIVA NI NOIJINPOJ91 0367
2025-07-29 12:38:28,046 | 🚗 CAR (0.63) | Plate: NORIV9 NI NCITINGOJO1 096
2025-07-29 12:38:28,496 | 🚗 CAR (0.64) | Plate: NORLTV4 NI NOITINDO3ST 6307
2025-07-29 12:38:36,897 | 🚗 CAR (0.66) | Plate: TSO8JUO8 10
2025-07-29 12:38:38,039 | 🚗 CAR (0.61) | Plate: FTSO8 JUO8 107
2025-07-29 12:38:38,793 | 🚗 CAR (0.55) | Plate: ISO8JU0810
2025-07-29 12:38:39,237 | 🚗 CAR (0.72) | Plate: TS08JUO810
2025-07-29 12:38:39,618 | 🚗 CAR (0.67) | Plate: TS08JUO810
2025-07-29 12:38:40,031 | 🚗 CAR (0.67) | Plate: FTS08JU08107
2025-07-29 12:38:41,020 | 🚗 CAR (0.74) | Plate: EIS08JU0810
2025-07-29 12:38:41,451 | 🚗 CAR (0.72) | Plate: FTS08JUO810]
2025-07-29 12:38:41,780 | 🚗 CAR (0.65) | Plate: TS08JU08101
2025-07-29 12:38:42,257 | 🚗 CAR (0.55) | Plate: EIS08JU08 10
2025-07-29 12:38:42,649 | 🚗 CAR (0.50) | Plate: TS08JU0810
2025-07-29 12:38:43,114 | 🚗 CAR (0.51) | Plate: ETSO8JU0810
2025-07-29 12:38:43,479 | 🚗 CAR (0.50) | Plate: TS08JU0810
2025-07-29 12:38:43,825 | 🚗 CAR (0.59) | Plate: 'TS08JU0810
2025-07-29 12:38:44,151 | 🚗 CAR (0.69) | Plate: TS08JU0810 
2025-07-29 12:38:44,502 | 🚗 CAR (0.79) | Plate: TS08JU0810
2025-07-29 12:38:44,976 | 🚗 CAR (0.57) | Plate: TS08JU0810
2025-07-29 12:38:45,320 | 🚗 CAR (0.59) | Plate: ETS08JU0810]
2025-07-29 12:38:45,710 | 🚗 CAR (0.56) | Plate: TSO8JU08101
2025-07-29 12:39:42,874 | 🚗 CAR (0.85) | Plate: "15074K73E0
2025-07-29 12:39:43,286 | 🚗 CAR (0.85) | Plate: "T507473E0
2025-07-29 12:39:43,544 | 🚗 CAR (0.80) | Plate: "T507007380
2025-07-29 12:39:43,930 | 🚗 CAR (0.91) | Plate: "T5074K7380
2025-07-29 12:39:44,272 | 🚗 CAR (0.88) | Plate: "1S074473E0
2025-07-29 12:39:44,637 | 🚗 CAR (0.82) | Plate: "150707380
2025-07-29 12:39:44,976 | 🚗 CAR (0.79) | Plate: "T507007380
2025-07-29 12:39:45,350 | 🚗 CAR (0.76) | Plate: "1507447380
2025-07-29 12:39:45,646 | 🚗 CAR (0.70) | Plate: "TS070473E0
2025-07-29 12:39:45,936 | 🚗 CAR (0.75) | Plate: 4T5070K7380
2025-07-29 12:39:46,261 | 🚗 CAR (0.81) | Plate: "T5070473E0
2025-07-29 12:39:46,538 | 🚗 CAR (0.77) | Plate: "1507407380
2025-07-29 12:39:46,854 | 🚗 CAR (0.84) | Plate: "TS07407380
2025-07-29 12:39:47,133 | 🚗 CAR (0.82) | Plate: CTS074K7380
2025-07-29 12:39:47,453 | 🚗 CAR (0.77) | Plate: "1507087380
2025-07-29 12:39:47,720 | 🚗 CAR (0.83) | Plate: '1507407380
2025-07-29 12:39:48,042 | 🚗 CAR (0.69) | Plate: 41507407380
2025-07-29 12:39:48,359 | 🚗 CAR (0.71) | Plate: 6150747380
2025-07-29 12:39:48,688 | 🚗 CAR (0.81) | Plate: 0150747360
2025-07-29 12:39:49,126 | 🚗 CAR (0.81) | Plate: 21507467300
2025-07-29 12:39:49,548 | 🚗 CAR (0.81) | Plate: 515074673E0
2025-07-29 12:39:50,142 | 🚗 CAR (0.66) | Plate: 01537 .7Z80
2025-07-29 12:39:50,623 | 🚗 CAR (0.66) | Plate: 61657-67260
2025-07-29 12:39:51,083 | 🚗 CAR (0.67) | Plate: 31537467280
2025-07-29 12:39:51,555 | 🚗 CAR (0.70) | Plate: 61507467280
2025-07-29 12:39:52,122 | 🚗 CAR (0.72) | Plate: 41507487Z60
2025-07-29 12:39:52,521 | 🚗 CAR (0.75) | Plate: 01537 67300
2025-07-29 12:39:53,008 | 🚗 CAR (0.78) | Plate: 15O7W7ZE0
2025-07-29 12:39:53,380 | 🚗 CAR (0.79) | Plate: 0TS07 07380
2025-07-29 12:39:53,680 | 🚗 CAR (0.78) | Plate: CTS07407380
2025-07-29 12:39:53,995 | 🚗 CAR (0.77) | Plate: '1507407380
2025-07-29 12:39:54,295 | 🚗 CAR (0.78) | Plate: "1507447380
2025-07-29 12:39:54,655 | 🚗 CAR (0.52) | Plate: "150747380
2025-07-29 12:39:55,691 | 🚗 CAR (0.55) | Plate: "1507487380
2025-07-29 12:39:57,246 | 🚗 CAR (0.51) | Plate: 415074067380
2025-07-29 12:39:57,579 | 🚗 CAR (0.57) | Plate: '1507407300
2025-07-29 12:39:57,993 | 🚗 CAR (0.88) | Plate: F150747380
2025-07-29 12:39:58,477 | 🚗 CAR (0.74) | Plate: 285074487380
2025-07-29 12:39:58,943 | 🚗 CAR (0.78) | Plate: 4150747380
2025-07-29 12:39:59,401 | 🚗 CAR (0.86) | Plate: 2750747380
2025-07-29 12:39:59,899 | 🚗 CAR (0.77) | Plate: 41507487380
2025-07-29 12:40:00,329 | 🚗 CAR (0.72) | Plate: 21507407380
2025-07-29 12:40:00,769 | 🚗 CAR (0.72) | Plate: 07507467380
2025-07-29 12:40:01,245 | 🚗 CAR (0.66) | Plate: 4150767380
2025-07-29 12:40:01,677 | 🚗 CAR (0.75) | Plate: 2150787ZE0
2025-07-29 12:40:02,056 | 🚗 CAR (0.84) | Plate: C1S07487380
2025-07-29 12:40:02,401 | 🚗 CAR (0.72) | Plate: 21507487380
2025-07-29 12:40:02,729 | 🚗 CAR (0.73) | Plate: 21507407380
2025-07-29 12:40:03,143 | 🚗 CAR (0.73) | Plate: CTS07407380
2025-07-29 12:40:03,515 | 🚗 CAR (0.72) | Plate: 6150747380
2025-07-29 12:40:03,871 | 🚗 CAR (0.53) | Plate: "1507407380
2025-07-29 12:40:04,219 | 🚗 CAR (0.81) | Plate: "T507487380
2025-07-29 12:40:04,648 | 🚗 CAR (0.74) | Plate: 01507487380
2025-07-29 12:40:05,011 | 🚗 CAR (0.77) | Plate: 4150747380
2025-07-29 12:40:05,385 | 🚗 CAR (0.53) | Plate: 4150747380
2025-07-29 12:40:05,788 | 🚗 CAR (0.60) | Plate: '1507447380
2025-07-29 12:40:06,218 | 🚗 CAR (0.55) | Plate: 41507487380
2025-07-29 12:40:06,573 | 🚗 CAR (0.68) | Plate: 21507487380
2025-07-29 12:40:06,972 | 🚗 CAR (0.53) | Plate: 215074073E0
2025-07-29 12:40:07,407 | 🚗 CAR (0.65) | Plate: 9657 7Z0
2025-07-29 12:40:08,297 | 🚗 CAR (0.50) | Plate: 215077360
2025-07-29 12:40:09,506 | 🚗 CAR (0.56) | Plate: 21507473E0
2025-07-29 12:40:25,910 | 🚗 CAR (0.87) | Plate: E | EL 13
2025-07-29 12:40:26,327 | 🚗 CAR (0.83) | Plate: T 3]
2025-07-29 12:40:26,788 | 🚗 CAR (0.78) | Plate: LE 33
2025-07-29 12:40:27,304 | 🚗 CAR (0.79) | Plate: LE 4J
2025-07-29 12:40:29,146 | 🚗 CAR (0.81) | Plate: IL ,]
2025-07-29 12:40:29,659 | 🚗 CAR (0.84) | Plate: LE494
2025-07-29 12:40:30,535 | 🚗 CAR (0.89) | Plate: JL ,1
2025-07-29 12:40:31,010 | 🚗 CAR (0.86) | Plate: JI2>
2025-07-29 12:40:31,327 | 🚗 CAR (0.83) | Plate: ILL,]
2025-07-29 12:40:31,637 | 🚗 CAR (0.88) | Plate: JE]LE 92
2025-07-29 12:40:31,888 | 🚗 CAR (0.88) | Plate: JL>J
2025-07-29 12:40:32,293 | 🚗 CAR (0.86) | Plate: LL3}
2025-07-29 12:40:32,575 | 🚗 CAR (0.81) | Plate: JL 41 4
2025-07-29 12:40:33,077 | 🚗 CAR (0.88) | Plate: AEE 924
2025-07-29 12:40:33,302 | 🚗 CAR (0.88) | Plate: EL49
2025-07-29 12:40:33,652 | 🚗 CAR (0.86) | Plate: J ){0~
2025-07-29 12:40:33,861 | 🚗 CAR (0.86) | Plate: TE ] EE 9344
2025-07-29 12:40:34,121 | 🚗 CAR (0.83) | Plate: JA>J
2025-07-29 12:40:34,418 | 🚗 CAR (0.86) | Plate: J023
2025-07-29 12:40:34,718 | 🚗 CAR (0.81) | Plate: EEE92K
2025-07-29 12:40:35,030 | 🚗 CAR (0.85) | Plate: J >>
2025-07-29 12:40:35,323 | 🚗 CAR (0.88) | Plate: I )J
2025-07-29 12:40:35,615 | 🚗 CAR (0.82) | Plate: JL0-
2025-07-29 12:40:37,790 | 🚗 CAR (0.87) | Plate: TU>>
2025-07-29 12:40:38,276 | 🚗 CAR (0.84) | Plate: ILR>:
2025-07-29 12:40:40,821 | 🚗 CAR (0.80) | Plate: J I4 >
2025-07-29 12:40:41,556 | 🚗 CAR (0.84) | Plate: JEL>>
2025-07-29 12:40:41,821 | 🚗 CAR (0.80) | Plate: IL >>
2025-07-29 12:40:55,550 | 📸 TRUCK (0.83) | Plate: SOUIG/S1
2025-07-29 12:40:56,412 | 📸 TRUCK (0.73) | Plate: TSO8FG975 1
2025-07-29 12:40:56,590 | 🚗 CAR (0.52) | Plate: TS08F6375
2025-07-29 12:40:56,845 | 📸 TRUCK (0.75) | Plate: TSO8FG9751
2025-07-29 12:40:57,063 | 📸 TRUCK (0.73) | Plate: TS08FG975 1
2025-07-29 12:40:57,301 | 📸 TRUCK (0.71) | Plate: TSO8FG975 1
2025-07-29 12:40:57,535 | 📸 TRUCK (0.81) | Plate: TSOBFG9751
2025-07-29 12:40:57,782 | 📸 TRUCK (0.80) | Plate: TSOBFG975 1
2025-07-29 12:40:58,004 | 📸 TRUCK (0.78) | Plate: TSO8FG975 1
2025-07-29 12:40:58,242 | 📸 TRUCK (0.81) | Plate: TSO8FG975 1
2025-07-29 12:40:58,476 | 📸 TRUCK (0.79) | Plate: TSO8FG975 1
2025-07-29 12:40:58,699 | 📸 TRUCK (0.75) | Plate: TSO8FG975 1
2025-07-29 12:40:58,952 | 📸 TRUCK (0.80) | Plate: TSO8FG975 1
2025-07-29 12:40:59,168 | 📸 TRUCK (0.75) | Plate: TS08FG975 1
2025-07-29 12:40:59,605 | 📸 TRUCK (0.80) | Plate: TSOBFG975 1
2025-07-29 12:40:59,839 | 📸 TRUCK (0.70) | Plate: TSO8FG975 1
2025-07-29 12:41:00,077 | 📸 TRUCK (0.75) | Plate: TS08FG9751
2025-07-29 12:41:00,315 | 📸 TRUCK (0.57) | Plate: TSO8FG9751
2025-07-29 12:41:00,542 | 🚗 CAR (0.53) | Plate: TSO8FG9751
2025-07-29 12:41:00,832 | 📸 TRUCK (0.65) | Plate: TSO8FG9751
2025-07-29 12:41:01,235 | 📸 TRUCK (0.54) | Plate: TSO8FG9751
2025-07-29 12:41:01,537 | 📸 TRUCK (0.50) | Plate: TSO8FG9751
2025-07-29 12:41:01,776 | 📸 TRUCK (0.75) | Plate: TSOBFG9751
2025-07-29 12:41:02,010 | 📸 TRUCK (0.61) | Plate: TSO8FG9751
2025-07-29 12:41:02,196 | 🚗 CAR (0.52) | Plate: TSOBFOR,   {0 43)
2025-07-29 12:41:02,455 | 📸 TRUCK (0.70) | Plate: TSO8FG975 1
2025-07-29 12:41:02,669 | 📸 TRUCK (0.60) | Plate: TSO8FG975 1
2025-07-29 12:41:02,908 | 📸 TRUCK (0.64) | Plate: TSOBFG9751
2025-07-29 12:41:03,074 | 🚗 CAR (0.56) | Plate: TSOBFO-  '094)
2025-07-29 12:41:03,312 | 🚗 CAR (0.62) | Plate: TSOBFG9751
2025-07-29 12:41:03,482 | 📸 TRUCK (0.58) | Plate: TSOBFOV  '0 33)
2025-07-29 12:41:03,677 | 🚗 CAR (0.67) | Plate: TSO8FG975 1
2025-07-29 12:41:03,897 | 🚗 CAR (0.67) | Plate: TSO8FG975 1
2025-07-29 12:41:04,143 | 📸 TRUCK (0.61) | Plate: TSO8FG9751
2025-07-29 12:41:04,309 | 🚗 CAR (0.50) | Plate: TSOBFG-,   I^ 38)
2025-07-29 12:41:04,534 | 🚗 CAR (0.68) | Plate: TSO8FG975 1
2025-07-29 12:41:04,701 | 📸 TRUCK (0.52) | Plate: TSOBFO ,
2025-07-29 12:41:04,930 | 📸 TRUCK (0.62) | Plate: TSO8FG9751
2025-07-29 12:41:05,109 | 🚗 CAR (0.57) | Plate: TS08FG-+< '^ 75)
2025-07-29 12:41:05,592 | 📸 TRUCK (0.78) | Plate: TS  
2025-07-29 12:41:06,120 | 📸 TRUCK (0.76) | Plate: TSOBFG975 1
2025-07-29 12:41:06,552 | 📸 TRUCK (0.76) | Plate: TSO8FG975 1
2025-07-29 12:41:06,999 | 📸 TRUCK (0.74) | Plate: TSOBFG975
2025-07-29 12:41:07,453 | 📸 TRUCK (0.80) | Plate: TS08FG975
2025-07-29 12:41:07,909 | 📸 TRUCK (0.74) | Plate: TSOBFG975:
2025-07-29 12:41:08,379 | 📸 TRUCK (0.57) | Plate: TSO8FG975 1
2025-07-29 12:41:08,625 | 📸 TRUCK (0.65) | Plate: TSOBFG975 1
2025-07-29 12:41:08,901 | 📸 TRUCK (0.59) | Plate: TSOBFG975 1
2025-07-29 12:41:09,161 | 📸 TRUCK (0.78) | Plate: TSOBFG975:
2025-07-29 12:41:09,450 | 📸 TRUCK (0.79) | Plate: TSOBFG975 1
2025-07-29 12:41:09,697 | 📸 TRUCK (0.69) | Plate: TSOBFG975 1
2025-07-29 12:41:09,887 | 🚗 CAR (0.56) | Plate: TSOBFC975
2025-07-29 12:41:10,126 | 📸 TRUCK (0.79) | Plate: TSOBFG975 1
2025-07-29 12:41:10,418 | 📸 TRUCK (0.75) | Plate: TSOBFG975 1
2025-07-29 12:41:10,633 | 🚗 CAR (0.57) | Plate: TSOBFC975
2025-07-29 12:41:10,915 | 🚗 CAR (0.67) | Plate: TSOBFG975 1
2025-07-29 12:41:11,109 | 📸 TRUCK (0.53) | Plate: TSOBFC975
2025-07-29 12:41:11,379 | 📸 TRUCK (0.65) | Plate: TSOBFG975 1
2025-07-29 12:41:11,582 | 🚗 CAR (0.56) | Plate: TSOBFC975
2025-07-29 12:41:11,833 | 📸 TRUCK (0.74) | Plate: TSOBFG975 1
2025-07-29 12:41:12,336 | 📸 TRUCK (0.73) | Plate: TSOFG975 1
2025-07-29 12:41:12,611 | 📸 TRUCK (0.54) | Plate: TSO8FG975 1
2025-07-29 12:41:13,074 | 📸 TRUCK (0.68) | Plate: TSOBFG975 1
2025-07-29 12:41:20,723 | 🚗 CAR (0.55) | Plate: TS12 ET 1723 
2025-07-29 12:41:21,233 | 🚗 CAR (0.63) | Plate: TS12 ET 1723]
2025-07-29 12:41:21,562 | 🚗 CAR (0.72) | Plate: TS12 ET 17231
2025-07-29 12:41:21,897 | 🚗 CAR (0.58) | Plate: TS12 ET
2025-07-29 12:41:22,232 | 🚗 CAR (0.51) | Plate: TS12 ET
2025-07-29 12:41:22,558 | 🚗 CAR (0.65) | Plate: TS12 ET 1723
2025-07-29 12:41:22,831 | 🚗 CAR (0.76) | Plate: TS12 ET
2025-07-29 12:41:23,148 | 🚗 CAR (0.71) | Plate: TS12 ET
2025-07-29 12:41:23,432 | 🚗 CAR (0.62) | Plate: TS12 ET 17231
2025-07-29 12:41:23,753 | 🚗 CAR (0.75) | Plate: TS12 ET
2025-07-29 12:41:24,142 | 🚗 CAR (0.65) | Plate: TS12 ET
2025-07-29 12:41:24,533 | 🚗 CAR (0.72) | Plate: TS12 ET
2025-07-29 12:41:24,896 | 🚗 CAR (0.75) | Plate: TS12 ET
2025-07-29 12:41:25,214 | 🚗 CAR (0.65) | Plate: T812 ET 4723]
2025-07-29 12:41:25,697 | 🚗 CAR (0.57) | Plate: TS12 ET
2025-07-29 12:41:26,014 | 🚗 CAR (0.70) | Plate: TS12 ET
2025-07-29 12:41:26,390 | 🚗 CAR (0.66) | Plate: TS12 ET 4723}
2025-07-29 12:41:26,906 | 🚗 CAR (0.63) | Plate: TS12 ET
2025-07-29 12:41:27,201 | 🚗 CAR (0.65) | Plate: TS12 ET
2025-07-29 12:41:27,600 | 🚗 CAR (0.65) | Plate: TS12 ET
2025-07-29 12:41:28,115 | 🚗 CAR (0.65) | Plate: TS12 ET
2025-07-29 12:41:28,578 | 🚗 CAR (0.67) | Plate: TS12 ET 1723}
2025-07-29 12:41:28,915 | 🚗 CAR (0.64) | Plate: TS12 ET
2025-07-29 12:41:29,389 | 🚗 CAR (0.67) | Plate: TS12 ET
2025-07-29 12:41:29,697 | 🚗 CAR (0.73) | Plate: TS12 ET 17231
2025-07-29 12:41:30,051 | 🚗 CAR (0.84) | Plate: TS12 ET 17231
2025-07-29 12:41:30,380 | 🚗 CAR (0.81) | Plate: TS12 ET 17231
2025-07-29 12:41:30,696 | 🚗 CAR (0.67) | Plate: TS12 ET 1723}
2025-07-29 12:41:31,044 | 🚗 CAR (0.78) | Plate: TS12 ET
2025-07-29 12:41:31,374 | 🚗 CAR (0.77) | Plate: TS12 ET 1723
2025-07-29 12:41:31,795 | 🚗 CAR (0.78) | Plate: TS12 ET
2025-07-29 12:41:32,359 | 🚗 CAR (0.64) | Plate: TS12 ET 17231
2025-07-29 12:41:32,854 | 🚗 CAR (0.71) | Plate: TS12 ET
2025-07-29 12:41:33,334 | 🚗 CAR (0.76) | Plate: TS12 ET
2025-07-29 12:41:33,797 | 🚗 CAR (0.77) | Plate: TS12 ET 17231
2025-07-29 12:41:34,268 | 🚗 CAR (0.72) | Plate: TS12 ET
2025-07-29 12:41:34,734 | 🚗 CAR (0.73) | Plate: TS12 ET
2025-07-29 12:41:35,196 | 🚗 CAR (0.81) | Plate: TS12 ET
2025-07-29 12:41:35,528 | 🚗 CAR (0.79) | Plate: TS12 ET
2025-07-29 12:41:35,969 | 🚗 CAR (0.75) | Plate: TS12 ET
2025-07-29 12:41:36,314 | 🚗 CAR (0.78) | Plate: TS12 ET
2025-07-29 12:41:36,629 | 🚗 CAR (0.69) | Plate: TS12 ET
2025-07-29 12:41:36,970 | 🚗 CAR (0.79) | Plate: TS12 ET
2025-07-29 12:41:37,301 | 🚗 CAR (0.73) | Plate: TS12 ET
2025-07-29 12:41:37,640 | 🚗 CAR (0.79) | Plate: TS12 ET 1723}
2025-07-29 12:41:37,978 | 🚗 CAR (0.87) | Plate: TS12 ET
2025-07-29 12:41:38,310 | 🚗 CAR (0.88) | Plate: TS12 ET 1723]
2025-07-29 12:41:38,654 | 🚗 CAR (0.77) | Plate: TS12 ET
2025-07-29 12:41:38,963 | 🚗 CAR (0.80) | Plate: TS12 ET
2025-07-29 12:41:39,317 | 🚗 CAR (0.75) | Plate: TS12 ET
2025-07-29 12:41:39,630 | 🚗 CAR (0.81) | Plate: TS12 ET
2025-07-29 12:41:47,365 | 🚗 CAR (0.62) | Plate: JSO8GA9A|
2025-07-29 12:41:48,344 | 🚗 CAR (0.55) | Plate: I508GW9626
2025-07-29 12:41:49,376 | 🚗 CAR (0.57) | Plate: I508G/9626
2025-07-29 12:41:49,987 | 🚗 CAR (0.70) | Plate: I508G/9626
2025-07-29 12:41:50,478 | 🚗 CAR (0.82) | Plate: IS08GR9626
2025-07-29 12:41:51,267 | 🚗 CAR (0.75) | Plate: I508GH9626
2025-07-29 12:41:51,752 | 🚗 CAR (0.75) | Plate: OBAIL
2025-07-29 12:41:52,218 | 🚗 CAR (0.77) | Plate: NOBM
2025-07-29 12:41:52,784 | 🚗 CAR (0.76) | Plate: WOBNI
2025-07-29 12:41:53,112 | 🚗 CAR (0.65) | Plate: OONI
2025-07-29 12:41:53,441 | 🚗 CAR (0.71) | Plate: NOBNI
2025-07-29 12:41:54,315 | 🚗 CAR (0.61) | Plate: GISA
2025-07-29 12:41:54,952 | 🚗 CAR (0.51) | Plate: TSOPE
2025-07-29 12:41:55,620 | 🚗 CAR (0.51) | Plate: DIAH
2025-07-29 12:41:56,263 | 🚗 CAR (0.52) | Plate: 04 &
2025-07-29 12:41:56,638 | 🚗 CAR (0.51) | Plate: ALEN
2025-07-29 12:41:57,107 | 🚗 CAR (0.52) | Plate: WHOBAI
2025-07-29 12:41:57,834 | 🚗 CAR (0.56) | Plate: OBRT
2025-07-29 12:41:58,498 | 🚗 CAR (0.55) | Plate: OISH
2025-07-29 12:41:59,177 | 🚗 CAR (0.68) | Plate: I508G496267
2025-07-29 12:42:00,355 | 🚗 CAR (0.78) | Plate: I508G/9626
2025-07-29 12:42:01,095 | 🚗 CAR (0.86) | Plate: IS0BG/9626
2025-07-29 12:45:06,026 | 🚗 CAR (0.83) | Plate: 213,086496264
2025-07-29 12:45:06,166 | 🚗 CAR (0.72) | Plate: 0.83
2025-07-29 12:45:06,874 | 🚗 CAR (0.60) | Plate: 0.80
2025-07-29 12:45:07,308 | 🚗 CAR (0.73) | Plate: JONL
2025-07-29 12:45:07,377 | 🚗 CAR (0.70) | Plate: CAR 0,73
2025-07-29 12:45:18,578 | 🚗 CAR (0.51) | Plate: TS12 ET 1723
2025-07-29 12:45:18,737 | 🚗 CAR (0.76) | Plate: TS12 ET 1723
2025-07-29 12:45:18,909 | 🚗 CAR (0.73) | Plate: TS12 ET 1723
2025-07-29 12:45:19,081 | 🚗 CAR (0.79) | Plate: TS12 ET 1723
2025-07-29 12:45:19,295 | 🚗 CAR (0.51) | Plate: TS12 ET 1723
2025-07-29 12:45:19,504 | 🚗 CAR (0.52) | Plate: TS12 ET 1723
2025-07-29 12:45:20,296 | 🚗 CAR (0.53) | Plate: TS12 ET 1723
2025-07-29 12:45:20,620 | 🚗 CAR (0.50) | Plate: TS12 ET 1723
2025-07-29 12:45:21,010 | 🚗 CAR (0.75) | Plate: TS12 ET 1723
2025-07-29 12:45:21,313 | 🚗 CAR (0.63) | Plate: TS12 ET 1723
2025-07-29 12:45:22,026 | 🚗 CAR (0.50) | Plate: TS12 ET 1723
2025-07-29 12:45:22,731 | 🚗 CAR (0.52) | Plate: TS12 ET 1723
2025-07-29 12:45:22,929 | 🚗 CAR (0.53) | Plate: TS12 ET 1723
2025-07-29 12:45:23,167 | 🚗 CAR (0.54) | Plate: TS12 ET 1723
2025-07-29 12:45:23,343 | 🚗 CAR (0.72) | Plate: TS12 ET 1723
2025-07-29 12:45:23,505 | 🚗 CAR (0.64) | Plate: TS12 ET 1723
2025-07-29 12:45:23,676 | 🚗 CAR (0.51) | Plate: TS12 ET 1723
2025-07-29 12:45:23,843 | 🚗 CAR (0.56) | Plate: TS12 ET 1723
2025-07-29 12:45:24,009 | 🚗 CAR (0.62) | Plate: TS12 ET 1723
2025-07-29 12:45:24,182 | 🚗 CAR (0.74) | Plate: TS12 ET 1723
2025-07-29 12:45:24,396 | 🚗 CAR (0.68) | Plate: TS12 ET 1723
2025-07-29 12:45:46,897 | 🚗 CAR (0.90) | Plate: GTC49
2025-07-29 12:45:47,176 | 🚗 CAR (0.88) | Plate: TS12 ET1723
2025-07-29 12:45:47,440 | 🚗 CAR (0.83) | Plate: TS12 ET 1723
2025-07-29 12:45:47,722 | 🚗 CAR (0.70) | Plate: T8 Z ET 1723
2025-07-29 12:45:48,027 | 🚗 CAR (0.81) | Plate: TS12 ET 17231
2025-07-29 12:45:48,321 | 🚗 CAR (0.86) | Plate: TS12 ET 1723 
2025-07-29 12:45:48,682 | 🚗 CAR (0.83) | Plate: TS4P ET47234
2025-07-29 12:45:48,952 | 🚗 CAR (0.80) | Plate: GC4D
2025-07-29 12:45:49,282 | 🚗 CAR (0.80) | Plate: TC4I
2025-07-29 12:45:49,819 | 🚗 CAR (0.80) | Plate: GCDD
2025-07-29 12:45:50,140 | 🚗 CAR (0.74) | Plate: TS42 ET417231
2025-07-29 12:45:50,430 | 🚗 CAR (0.84) | Plate: LTC49 5T47231
2025-07-29 12:45:50,720 | 🚗 CAR (0.85) | Plate: GT64DET47231
2025-07-29 12:45:51,018 | 🚗 CAR (0.77) | Plate: LTC455T47934
2025-07-29 12:45:51,342 | 🚗 CAR (0.77) | Plate: GCTO
2025-07-29 12:45:51,655 | 🚗 CAR (0.82) | Plate: UCTOI
2025-07-29 12:45:53,622 | 🚗 CAR (0.85) | Plate: TS12 ET 1723:
2025-07-29 12:45:54,016 | 🚗 CAR (0.91) | Plate: TS12 ET 1723;
2025-07-29 12:45:54,519 | 🚗 CAR (0.79) | Plate: TS12 ET 17231
2025-07-29 12:45:54,980 | 🚗 CAR (0.73) | Plate: TS12 ET 17231
2025-07-29 12:46:01,186 | 🚗 CAR (0.65) | Plate: TS0BGH96267
2025-07-29 12:46:01,599 | 🚗 CAR (0.68) | Plate: IS08GH9626
2025-07-29 12:46:01,835 | 🚗 CAR (0.80) | Plate: TS08GK9626
2025-07-29 12:46:02,402 | 🚗 CAR (0.71) | Plate: I508GH96267
2025-07-29 12:46:02,530 | 🚗 CAR (0.63) | Plate: CAR 0.71
2025-07-29 12:46:03,266 | 🚗 CAR (0.72) | Plate: I508G/9626
2025-07-29 12:46:03,685 | 🚗 CAR (0.84) | Plate: IS08GW9626
2025-07-29 12:46:04,218 | 🚗 CAR (0.67) | Plate: IS08G79626
2025-07-29 12:46:19,326 | 🚗 CAR (0.50) | Plate: TS15ES2222
2025-07-29 12:46:21,091 | 🚗 CAR (0.52) | Plate: TS15ES2222
2025-07-29 12:46:22,804 | 🚗 CAR (0.50) | Plate: TS1SES2222
2025-07-29 12:46:27,405 | 🚗 CAR (0.51) | Plate: TS15ES2222
2025-07-29 12:46:27,659 | 🚗 CAR (0.79) | Plate: TS15ES2222
2025-07-29 12:46:28,098 | 🚗 CAR (0.51) | Plate: TSISES2222
2025-07-29 12:46:28,312 | 🚗 CAR (0.87) | Plate: TS15ES2222
2025-07-29 12:46:28,672 | 🚗 CAR (0.86) | Plate: TS15ES2222
2025-07-29 12:46:29,108 | 🚗 CAR (0.78) | Plate: TS15ES2222
2025-07-29 12:46:29,487 | 🚗 CAR (0.74) | Plate: TS15ES2222
2025-07-29 12:46:29,901 | 🚗 CAR (0.79) | Plate: TS1SES2222
2025-07-29 12:46:30,304 | 🚗 CAR (0.80) | Plate: TS15ES2222
2025-07-29 12:46:30,796 | 🚗 CAR (0.75) | Plate: TS15ES2222
2025-07-29 13:27:15,362 | 🚗 CAR (0.59) | Plate: TS08JU0810
2025-07-29 13:27:18,113 | 🚗 CAR (0.81) | Plate: I08JU0810
2025-07-29 13:27:18,975 | 🚗 CAR (0.68) | Plate: TS08JU0810
2025-07-29 13:27:19,464 | 🚗 CAR (0.63) | Plate: TS08 JUO810
2025-07-29 13:27:21,990 | 🚗 CAR (0.59) | Plate: TS08JU0810
2025-07-29 13:27:22,244 | 🚗 CAR (0.59) | Plate: TS08JU0810
2025-07-29 13:27:22,459 | 🚗 CAR (0.59) | Plate: TSO8JU0810
2025-07-29 13:27:23,296 | 🚗 CAR (0.56) | Plate: "TS08JU0810
2025-07-29 13:27:23,527 | 🚗 CAR (0.65) | Plate: TS0BJUOB10
2025-07-29 13:27:23,762 | 🚗 CAR (0.69) | Plate: TSO8JU0810
2025-07-29 13:27:23,992 | 🚗 CAR (0.64) | Plate: TS08JU0810
2025-07-29 13:27:24,301 | 🚗 CAR (0.51) | Plate: TS08 JU0810
2025-07-29 13:27:24,529 | 🚗 CAR (0.64) | Plate: TS08JU0810
2025-07-29 13:27:25,410 | 🚗 CAR (0.52) | Plate: TS08 JU0810
2025-07-29 13:27:25,766 | 🚗 CAR (0.52) | Plate: TS08JUOB10
2025-07-29 13:27:25,997 | 🚗 CAR (0.61) | Plate: TS08 JU0810
2025-07-29 13:27:26,247 | 🚗 CAR (0.71) | Plate: TS08JU0810
2025-07-29 13:27:26,511 | 🚗 CAR (0.58) | Plate: TS08 JU08105
2025-07-29 13:27:26,727 | 🚗 CAR (0.71) | Plate: TS08 JU0810
2025-07-29 13:27:26,969 | 🚗 CAR (0.60) | Plate: TS08JU0810
2025-07-29 13:27:27,253 | 🚗 CAR (0.67) | Plate: TS08JU810
2025-07-29 13:27:27,766 | 🚗 CAR (0.51) | Plate: TSO8JUO8 1
2025-07-29 13:27:28,011 | 🚗 CAR (0.51) | Plate: TS08JU0810
2025-07-29 13:27:28,625 | 🚗 CAR (0.73) | Plate: TS08 JUO810
2025-07-29 13:27:28,861 | 🚗 CAR (0.83) | Plate: TS08JU0810
2025-07-29 13:27:29,090 | 🚗 CAR (0.85) | Plate: TS08JU0810
2025-07-29 13:27:29,341 | 🚗 CAR (0.84) | Plate: TS08JU08105
2025-07-29 13:27:29,568 | 🚗 CAR (0.79) | Plate: TS08JU0810
2025-07-29 13:27:29,791 | 🚗 CAR (0.78) | Plate: TSO8JU0810
2025-07-29 13:27:51,781 | 🚗 CAR (0.59) | Plate: 1G07 T 7420
2025-07-29 13:27:52,253 | 🚗 CAR (0.78) | Plate: TGO7 T 7 LZO]
2025-07-29 13:27:52,704 | 🚗 CAR (0.71) | Plate: TG07 T 7L20
2025-07-29 13:27:53,087 | 🚗 CAR (0.60) | Plate: TG 07T 7420
2025-07-29 13:27:53,529 | 🚗 CAR (0.69) | Plate: TG07T 7LZ01
2025-07-29 13:27:53,930 | 🚗 CAR (0.62) | Plate: TG07 T 74Z0
2025-07-29 13:27:54,349 | 🚗 CAR (0.77) | Plate: TG07T 7420
2025-07-29 13:27:54,824 | 📸 TRUCK (0.62) | Plate: TG07 T 7420
2025-07-29 13:27:55,261 | 🚗 CAR (0.88) | Plate: TGOZT7420
2025-07-29 13:27:55,697 | 🚗 CAR (0.87) | Plate: TG07T7420
2025-07-29 13:27:55,959 | 🚗 CAR (0.91) | Plate: TGO7T 7420
2025-07-29 13:27:56,852 | 🚗 CAR (0.76) | Plate: TGOZT 7L201
2025-07-29 13:27:57,185 | 🚗 CAR (0.76) | Plate: TG07T7420
2025-07-29 13:27:57,754 | 🚗 CAR (0.78) | Plate: TG 07T 7L20
2025-07-29 13:27:58,190 | 🚗 CAR (0.60) | Plate: TG07 T 7420
2025-07-29 13:27:58,635 | 🚗 CAR (0.52) | Plate: TG 07 T 7420
2025-07-29 13:27:59,176 | 📸 TRUCK (0.55) | Plate: TG07 T 720
2025-07-29 13:27:59,725 | 📸 TRUCK (0.57) | Plate: TG07 T 7L20
2025-07-29 13:27:59,913 | 🚗 CAR (0.56) | Plate: T607T 7LZ0 (02)
2025-07-29 13:28:00,409 | 🚗 CAR (0.57) | Plate: TG07 T 7420
2025-07-29 13:28:01,424 | 🚗 CAR (0.51) | Plate: TG07 T 7420
2025-07-29 13:28:02,055 | 🚗 CAR (0.63) | Plate: TG07T 7420
2025-07-29 13:28:02,309 | 🚗 CAR (0.60) | Plate: TGO7T 7420
2025-07-29 13:28:02,601 | 🚗 CAR (0.55) | Plate: TG07T 7420
2025-07-29 13:28:02,848 | 🚗 CAR (0.72) | Plate: TG07 T 7420
2025-07-29 13:28:03,230 | 🚗 CAR (0.61) | Plate: TG07 T 7420
2025-07-29 13:28:03,471 | 🚗 CAR (0.56) | Plate: TG07T 7L20
2025-07-29 13:28:05,382 | 🚗 CAR (0.62) | Plate: TG07 T 7L20
2025-07-29 13:28:05,876 | 🚗 CAR (0.73) | Plate: TG07T7L20
2025-07-29 13:28:06,273 | 🚗 CAR (0.72) | Plate: TG0ZT7420
2025-07-29 13:28:06,711 | 🚗 CAR (0.56) | Plate: TG07T 7L20
2025-07-29 13:28:07,414 | 🚗 CAR (0.54) | Plate: TG07T 7L20
2025-07-29 13:28:12,507 | 🚗 CAR (0.69) | Plate: TEOTWZ
2025-07-29 13:28:12,660 | 🚗 CAR (0.86) | Plate: 760Z L ZZD
2025-07-29 13:28:13,361 | 🚗 CAR (0.73) | Plate: 7G07 [
2025-07-29 13:28:13,884 | 🚗 CAR (0.76) | Plate: 75017Z0)
2025-07-29 13:28:15,271 | 🚗 CAR (0.60) | Plate: 7G07 [ 7420
2025-07-29 13:28:15,587 | 🚗 CAR (0.79) | Plate: TG07 [ 7420
2025-07-29 13:28:15,993 | 🚗 CAR (0.62) | Plate: 7G07  7 L20]
2025-07-29 13:28:16,135 | 🚗 CAR (0.90) | Plate: 7607 [ 7 4Z0]
2025-07-29 13:28:16,507 | 🚗 CAR (0.89) | Plate: 76071 7L20
2025-07-29 13:28:17,314 | 🚗 CAR (0.82) | Plate: 776 0217420
2025-07-29 13:28:17,640 | 🚗 CAR (0.54) | Plate: TO07 67420
2025-07-29 13:28:18,958 | 🚗 CAR (0.75) | Plate: TG0Z  7420
2025-07-29 13:28:19,424 | 🚗 CAR (0.78) | Plate: TG07T 7 L20
2025-07-29 13:28:20,445 | 🚗 CAR (0.53) | Plate: 1G0Z [ 7 L20]
2025-07-29 13:28:20,769 | 🚗 CAR (0.66) | Plate: TGO7T 7LZ0
2025-07-29 13:28:21,118 | 🚗 CAR (0.56) | Plate: TG07 17 4201
2025-07-29 13:28:21,474 | 🚗 CAR (0.55) | Plate: TG07 1 7420
2025-07-29 13:28:21,795 | 🚗 CAR (0.54) | Plate: TG07 [ 7 420
2025-07-29 13:28:22,139 | 🚗 CAR (0.53) | Plate: TG07 1 7420]
2025-07-29 13:28:23,451 | 🚗 CAR (0.56) | Plate: TG 071 7 420]
2025-07-29 13:28:24,657 | 🚗 CAR (0.78) | Plate: TG07T 7 (201
2025-07-29 13:28:24,829 | 🚗 CAR (0.69) | Plate: TG07 1 7420]
2025-07-29 13:28:26,824 | 🚗 CAR (0.51) | Plate: TG07 ~ 7EZOI
2025-07-29 14:07:46,536 | 🚗 CAR (0.79) | Plate: ~OR  3E
2025-07-29 14:07:46,964 | 🚗 CAR (0.86) | Plate: A= ' @- -
2025-07-29 14:07:48,064 | 🚗 CAR (0.89) | Plate: 1 < ^ ' R- - -
2025-07-29 14:07:48,501 | 🚗 CAR (0.87) | Plate: KPS" R " -
2025-07-29 14:07:49,169 | 🚗 CAR (0.89) | Plate: SNF"
2025-07-29 14:07:50,210 | 🚗 CAR (0.79) | Plate: 40 "
2025-07-29 14:07:50,645 | 🚗 CAR (0.80) | Plate: #5" " @" ` ^
2025-07-29 14:07:51,033 | 🚗 CAR (0.84) | Plate: S~" " 0 `
2025-07-29 14:08:34,276 | 🚗 CAR (0.66) | Plate: 7L25
2025-07-29 14:08:34,577 | 🚗 CAR (0.67) | Plate: 7L26
2025-07-29 14:08:34,792 | 🚗 CAR (0.84) | Plate: TG07 T743
2025-07-29 14:09:25,746 | 🚗 CAR (0.55) | Plate: TG07 1 7420
2025-07-29 14:09:25,940 | 🚗 CAR (0.78) | Plate: TG0Z [7L20
2025-07-29 14:09:26,092 | 🚗 CAR (0.88) | Plate: TG07 [ 7420
2025-07-29 14:09:26,289 | 🚗 CAR (0.91) | Plate: TG07 I7420
2025-07-29 14:09:26,522 | 🚗 CAR (0.89) | Plate: TG07 T 7420
2025-07-29 14:09:26,744 | 🚗 CAR (0.87) | Plate: TG07 [7L205
2025-07-29 14:09:26,978 | 🚗 CAR (0.88) | Plate: TG07 [ 7420
2025-07-29 14:09:27,217 | 🚗 CAR (0.86) | Plate: TG0Z [7620
2025-07-29 14:09:27,444 | 🚗 CAR (0.92) | Plate: TG0ZI7620
2025-07-29 14:09:27,680 | 🚗 CAR (0.90) | Plate: TG0Z17L20
2025-07-29 14:09:27,966 | 🚗 CAR (0.84) | Plate: TG0Z [ 7L20
2025-07-29 14:09:28,166 | 🚗 CAR (0.85) | Plate: TG0Z17 420
2025-07-29 14:09:28,368 | 🚗 CAR (0.89) | Plate: TG0Z I 7420
2025-07-29 14:09:28,567 | 🚗 CAR (0.90) | Plate: TG0ZT 7LZ0
2025-07-29 14:09:28,771 | 🚗 CAR (0.86) | Plate: TG07 [ 7420
2025-07-29 14:09:28,968 | 🚗 CAR (0.89) | Plate: TGOZ 17L20
2025-07-29 14:09:29,167 | 🚗 CAR (0.86) | Plate: TGOZ T 7L20
2025-07-29 14:09:29,367 | 🚗 CAR (0.78) | Plate: TG07 [ 7420
2025-07-29 14:09:29,574 | 🚗 CAR (0.87) | Plate: TG0ZL7420
2025-07-29 14:09:29,756 | 🚗 CAR (0.86) | Plate: TG0Z17L20
2025-07-29 14:09:29,999 | 🚗 CAR (0.70) | Plate: TG07 T7620
2025-07-29 14:09:30,255 | 🚗 CAR (0.62) | Plate: TG0717420
2025-07-29 14:09:30,411 | 🚗 CAR (0.65) | Plate: TG0Z17420
2025-07-29 14:09:30,628 | 🚗 CAR (0.55) | Plate: 4OIO
2025-07-29 14:09:30,813 | 🚗 CAR (0.76) | Plate: TG07T7420
2025-07-29 14:09:30,980 | 🚗 CAR (0.63) | Plate: TG07 T 7L20
2025-07-29 14:09:31,142 | 🚗 CAR (0.62) | Plate: TG0717420
2025-07-29 14:09:31,322 | 🚗 CAR (0.64) | Plate: J0T0R
2025-07-29 14:09:38,969 | 🚗 CAR (0.68) | Plate: TGOIIE0
2025-07-29 14:09:39,125 | 🚗 CAR (0.68) | Plate: TO Z0 (005)
2025-07-29 14:09:39,338 | 🚗 CAR (0.79) | Plate: TG07 L7420
2025-07-29 14:09:39,773 | 🚗 CAR (0.82) | Plate: TG 0Z I
2025-07-29 14:09:39,959 | 🚗 CAR (0.62) | Plate: 16 02 | (027)
2025-07-29 14:09:40,147 | 🚗 CAR (0.82) | Plate: TG0Z1 7420
2025-07-29 14:09:40,472 | 🚗 CAR (0.87) | Plate: TG0Z 1 7L20
2025-07-29 14:09:40,916 | 🚗 CAR (0.89) | Plate: TG0ZI
2025-07-29 14:09:41,251 | 🚗 CAR (0.91) | Plate: TG0Z1 7420
2025-07-29 14:09:41,581 | 🚗 CAR (0.92) | Plate: TG0Z1 7420
2025-07-29 14:09:41,876 | 🚗 CAR (0.92) | Plate: TG0Z I
2025-07-29 14:09:42,173 | 🚗 CAR (0.93) | Plate: TG0Z 1 7420
2025-07-29 14:09:42,498 | 🚗 CAR (0.93) | Plate: TG0Z T
2025-07-29 14:09:42,860 | 🚗 CAR (0.92) | Plate: TG0Z 1 7420
2025-07-29 14:09:43,570 | 🚗 CAR (0.62) | Plate: TG0Z [ 7420
2025-07-29 14:09:44,837 | 🚗 CAR (0.64) | Plate: IG0Z] 7420
2025-07-29 14:09:45,183 | 🚗 CAR (0.61) | Plate: PERSON 0
2025-07-29 14:09:45,558 | 🚗 CAR (0.62) | Plate: PERSON
2025-07-29 14:09:45,927 | 🚗 CAR (0.82) | Plate: PERSON
2025-07-29 14:09:46,292 | 🚗 CAR (0.74) | Plate: PERSON
2025-07-29 14:09:46,510 | 🚗 CAR (0.76) | Plate: [1G071742O
2025-07-29 14:09:49,312 | 🚗 CAR (0.76) | Plate: 70,I )A0
2025-07-29 14:09:51,752 | 🚗 CAR (0.53) | Plate: 760717420
2025-07-29 14:09:53,055 | 🚗 CAR (0.94) | Plate: 7607 [7K20
2025-07-29 14:09:53,473 | 🚗 CAR (0.92) | Plate: TG 07 T 7420
2025-07-29 14:09:53,876 | 🚗 CAR (0.93) | Plate: TG07 T 7420
2025-07-29 14:09:54,284 | 🚗 CAR (0.92) | Plate: TG07 T 7420
2025-07-29 14:09:54,702 | 🚗 CAR (0.91) | Plate: TG07T 7420
2025-07-29 14:09:55,093 | 🚗 CAR (0.91) | Plate: TG07T 7420
2025-07-29 14:09:55,495 | 🚗 CAR (0.89) | Plate: TG07 T 7420
2025-07-29 14:09:55,918 | 🚗 CAR (0.94) | Plate: TG 07 1 7420
2025-07-29 14:09:56,321 | 🚗 CAR (0.92) | Plate: TG07 I 7420
2025-07-29 14:09:56,684 | 🚗 CAR (0.93) | Plate: 7G071 7420
2025-07-29 14:09:57,046 | 🚗 CAR (0.92) | Plate: TG 07 I 7420
2025-07-29 14:09:57,436 | 🚗 CAR (0.93) | Plate: 7G07 [7420
2025-07-29 14:09:57,742 | 🚗 CAR (0.95) | Plate: 7G0Z 17420
2025-07-29 14:09:58,073 | 🚗 CAR (0.95) | Plate: 7G0717420
2025-07-29 14:09:58,409 | 🚗 CAR (0.92) | Plate: TG07 17420
2025-07-29 14:09:58,609 | 🚗 CAR (0.95) | Plate: TG07 I7420
2025-07-29 14:09:58,935 | 🚗 CAR (0.93) | Plate: TG07 T7420
2025-07-29 14:09:59,100 | 🚗 CAR (0.93) | Plate: TG07 17420
2025-07-29 14:09:59,263 | 🚗 CAR (0.92) | Plate: TG07 [7420
2025-07-29 14:09:59,441 | 🚗 CAR (0.93) | Plate: TG 07 T7420
2025-07-29 14:09:59,606 | 🚗 CAR (0.94) | Plate: TG07 T 7420
2025-07-29 14:09:59,935 | 🚗 CAR (0.86) | Plate: TG 07 T 7420
2025-07-29 14:10:00,101 | 🚗 CAR (0.83) | Plate: TG07 I7420
2025-07-29 14:10:00,272 | 🚗 CAR (0.90) | Plate: TG07 T 7420
2025-07-29 14:10:00,470 | 🚗 CAR (0.73) | Plate: T607 17420
2025-07-29 14:10:00,663 | 🚗 CAR (0.85) | Plate: TG07 T 7420
2025-07-29 14:10:00,838 | 🚗 CAR (0.86) | Plate: TG 07 T 7420
2025-07-29 14:10:01,164 | 🚗 CAR (0.57) | Plate: 4OIOR
2025-07-29 14:10:05,829 | 🚗 CAR (0.88) | Plate: TGOZT 7420
2025-07-29 14:10:06,060 | 🚗 CAR (0.93) | Plate: IGOL
2025-07-29 14:10:06,550 | 🚗 CAR (0.84) | Plate: T7620
2025-07-29 14:10:07,013 | 🚗 CAR (0.92) | Plate: TG0Z 1 7420
2025-07-29 14:10:07,185 | 🚗 CAR (0.93) | Plate: 7420
2025-07-29 14:10:07,700 | 🚗 CAR (0.94) | Plate: TG0Z I
2025-07-29 14:10:07,979 | 🚗 CAR (0.96) | Plate: MOTORCL
2025-07-29 14:10:08,229 | 🚗 CAR (0.96) | Plate: TGOZ I
2025-07-29 14:10:08,444 | 🚗 CAR (0.95) | Plate: MOTONCAE
2025-07-29 14:10:08,645 | 🚗 CAR (0.94) | Plate: MUTUR CAR
2025-07-29 14:10:08,850 | 🚗 CAR (0.94) | Plate: TNOTOR CH
2025-07-29 14:10:09,086 | 🚗 CAR (0.94) | Plate: TG0Z I
2025-07-29 14:10:09,325 | 🚗 CAR (0.92) | Plate: MUTOR CAU
2025-07-29 14:10:09,551 | 🚗 CAR (0.93) | Plate: MOTOA CLE
2025-07-29 14:10:09,788 | 🚗 CAR (0.93) | Plate: LOTOR CAB
2025-07-29 14:10:10,029 | 🚗 CAR (0.93) | Plate: MOTON UAB
2025-07-29 14:10:10,264 | 🚗 CAR (0.94) | Plate: MOTOA UAE
2025-07-29 14:10:10,479 | 🚗 CAR (0.95) | Plate: MUTUR CAT
2025-07-29 14:10:10,706 | 🚗 CAR (0.94) | Plate: 6OIUHCAL
2025-07-29 14:10:11,209 | 🚗 CAR (0.72) | Plate: 7420
2025-07-29 14:10:33,642 | 🚗 CAR (0.57) | Plate: PERSON 0.58
2025-07-29 14:10:36,873 | 🚗 CAR (0.58) | Plate: TG07 T 7420
2025-07-29 14:10:37,827 | 🚗 CAR (0.56) | Plate: TG07 T 7 L20
2025-07-29 14:10:38,638 | 🚗 CAR (0.51) | Plate: TG07
2025-07-29 14:10:39,711 | 🚗 CAR (0.54) | Plate: TG07 T
2025-07-29 14:10:40,592 | 🚗 CAR (0.53) | Plate: PERSCN 0.86
2025-07-29 14:10:41,444 | 🚗 CAR (0.77) | Plate: PERSON 0.79
2025-07-29 14:10:42,384 | 🚗 CAR (0.79) | Plate: PERSON
2025-07-29 14:10:43,030 | 🚗 CAR (0.74) | Plate: IG07T 7420
2025-07-29 14:10:43,788 | 🚗 CAR (0.57) | Plate: IG0ZT 7420
2025-07-29 14:10:44,511 | 🚗 CAR (0.67) | Plate: PERSON
2025-07-29 14:10:45,166 | 🚗 CAR (0.78) | Plate: TG07 T 7420
2025-07-29 14:10:45,869 | 🚗 CAR (0.51) | Plate: PERSON
2025-07-29 14:10:46,352 | 🚗 CAR (0.74) | Plate: TG071 7420
2025-07-29 14:10:47,350 | 🚗 CAR (0.61) | Plate: TGCZ T 7 L20
2025-07-29 14:10:47,931 | 🚗 CAR (0.61) | Plate: TG0ZT 7420
2025-07-29 14:10:48,846 | 🚗 CAR (0.55) | Plate: PERSON 0.75
2025-07-29 16:35:00,926 | 📸 BUS (0.54) | Plate: JCAL
2025-07-29 16:35:03,035 | 📸 BUS (0.52) | Plate: JCBL
2025-07-29 16:35:03,364 | 📸 BUS (0.64) | Plate: UCBL
2025-07-29 16:35:04,504 | 📸 BUS (0.59) | Plate: JCBL
2025-07-29 16:35:05,103 | 📸 BUS (0.71) | Plate: JCBL
2025-07-29 16:35:06,503 | 📸 BUS (0.63) | Plate: JCBL
2025-07-29 16:35:06,930 | 📸 BUS (0.56) | Plate: JGBL
2025-07-29 16:35:07,622 | 📸 BUS (0.53) | Plate: JCBL
2025-07-29 16:35:08,018 | 📸 BUS (0.52) | Plate: JCBL
2025-07-29 16:35:08,416 | 📸 BUS (0.56) | Plate: JCBL
2025-07-29 16:35:09,235 | 📸 BUS (0.50) | Plate: JCBL
2025-07-29 16:35:13,398 | 📸 BUS (0.65) | Plate: JOBL
2025-07-29 16:36:13,347 | 📸 TRUCK (0.53) | Plate: TSO9EX55482
2025-07-29 16:36:13,732 | 🚗 CAR (0.55) | Plate: TSO9EX55L8
2025-07-29 16:36:13,963 | 🚗 CAR (0.62) | Plate: TSO9EX5548
2025-07-29 16:36:14,347 | 🚗 CAR (0.57) | Plate: TSO9EX55L8
2025-07-29 16:36:14,709 | 🚗 CAR (0.64) | Plate: TSO9EX5548
2025-07-29 16:36:16,134 | 🚗 CAR (0.58) | Plate: TSO9EX55L8
2025-07-29 16:36:16,393 | 🚗 CAR (0.67) | Plate: TSO9EX5548 
2025-07-29 16:36:16,865 | 🚗 CAR (0.59) | Plate: TSO9EX55L8,
2025-07-29 16:36:17,238 | 🚗 CAR (0.62) | Plate: TSO9EX5548
2025-07-29 16:36:17,491 | 🚗 CAR (0.68) | Plate: FTSO9EX55L8
2025-07-29 16:36:17,842 | 🚗 CAR (0.76) | Plate: TSO9EX5548,
2025-07-29 16:36:18,284 | 🚗 CAR (0.63) | Plate: FTSO9EX55L8
2025-07-29 16:36:18,615 | 📸 TRUCK (0.51) | Plate: FTSO9EX5548
2025-07-29 16:36:18,975 | 🚗 CAR (0.51) | Plate: TSO9EX5548
2025-07-29 16:36:19,525 | 🚗 CAR (0.60) | Plate: TSO9EX5548
2025-07-29 16:36:20,089 | 🚗 CAR (0.59) | Plate: ~TSO9EX55L8
2025-07-29 16:36:20,468 | 🚗 CAR (0.58) | Plate: TSO9EX55L8 
2025-07-29 16:36:20,825 | 🚗 CAR (0.61) | Plate: TSO9EX55L8
2025-07-30 14:24:53,965 | 🚗 CAR (0.62) | Plate: TS15FA065Z 
2025-07-30 14:24:58,143 | 🚗 CAR (0.64) | Plate: TS1SFAO657
2025-07-30 14:25:09,562 | 🚗 CAR (0.87) | Plate: APO9CR0799
2025-07-30 14:25:10,495 | 🚗 CAR (0.90) | Plate: AP09CR0729
2025-07-30 14:25:10,980 | 🚗 CAR (0.89) | Plate: APO9CR0799
2025-07-30 14:25:11,309 | 🚗 CAR (0.90) | Plate: APO9CR0799
2025-07-30 14:25:11,774 | 🚗 CAR (0.87) | Plate: APO9CR0799
2025-07-30 14:25:12,107 | 🚗 CAR (0.90) | Plate: APO9CR0799
2025-07-30 14:25:12,511 | 🚗 CAR (0.90) | Plate: APO9CR0799
2025-07-30 14:25:12,920 | 🚗 CAR (0.91) | Plate: APO9CR0799
2025-07-30 14:25:13,306 | 🚗 CAR (0.92) | Plate: APO9CR0799]
2025-07-30 14:25:13,720 | 🚗 CAR (0.90) | Plate: APO9CR0799
2025-07-30 14:25:13,981 | 🚗 CAR (0.90) | Plate: APO9CR0799
2025-07-30 14:25:14,211 | 🚗 CAR (0.92) | Plate: APO9CR0799
2025-07-30 14:25:14,572 | 🚗 CAR (0.91) | Plate: APO9CR0799
2025-07-30 14:25:14,947 | 🚗 CAR (0.91) | Plate: APO9CR0799
2025-07-30 14:25:15,304 | 🚗 CAR (0.91) | Plate: APO9CR0799
2025-07-30 14:25:15,647 | 🚗 CAR (0.91) | Plate: APO9CR0799
2025-07-30 14:25:15,978 | 🚗 CAR (0.92) | Plate: APO9CR0799
2025-07-30 14:25:16,304 | 🚗 CAR (0.92) | Plate: APO9CR0799
2025-07-30 14:25:16,639 | 🚗 CAR (0.92) | Plate: APO9CR0799
2025-07-30 14:25:16,973 | 🚗 CAR (0.91) | Plate: APO9CR0799
2025-07-30 14:25:17,179 | 🚗 CAR (0.91) | Plate: APO9CR0799
2025-07-30 14:25:17,499 | 🚗 CAR (0.91) | Plate: APO9CR0799
2025-07-30 14:25:17,801 | 🚗 CAR (0.90) | Plate: APO9CR0799
2025-07-30 14:25:18,139 | 🚗 CAR (0.89) | Plate: APO9CR0799
2025-07-30 14:25:18,473 | 🚗 CAR (0.89) | Plate: APO9CR0799
2025-07-30 14:25:18,678 | 🚗 CAR (0.88) | Plate: APO9CR0799
2025-07-30 14:25:18,998 | 🚗 CAR (0.88) | Plate: APO9CR0799
2025-07-30 14:25:19,338 | 🚗 CAR (0.92) | Plate: APO9CRO799
2025-07-30 14:25:19,545 | 🚗 CAR (0.92) | Plate: APO9CR0799
2025-07-30 14:25:19,867 | 🚗 CAR (0.92) | Plate: APO9CR0799
2025-07-30 14:25:20,080 | 🚗 CAR (0.92) | Plate: APO9CR0799
2025-07-30 14:25:20,400 | 🚗 CAR (0.92) | Plate: APO9CR0799
2025-07-30 14:25:20,620 | 🚗 CAR (0.91) | Plate: APO9CRO799
2025-07-30 14:25:20,812 | 🚗 CAR (0.92) | Plate: APO9CR0799
2025-07-30 14:25:21,010 | 🚗 CAR (0.92) | Plate: APO9CR0799
2025-07-30 14:25:21,333 | 🚗 CAR (0.92) | Plate: APO9CR0799
2025-07-30 14:25:21,634 | 🚗 CAR (0.93) | Plate: APO9CR0799
2025-07-30 14:25:53,244 | 🚗 CAR (0.74) | Plate: APUWCKO7N9
2025-07-30 14:25:53,611 | 🚗 CAR (0.92) | Plate: APO9CRO799
2025-07-30 14:25:54,005 | 🚗 CAR (0.91) | Plate: AP09CR0799
2025-07-30 14:25:54,369 | 🚗 CAR (0.88) | Plate: 'APO9CR0799
2025-07-30 14:25:54,702 | 🚗 CAR (0.94) | Plate: APO9CR0733
2025-07-30 14:25:55,237 | 🚗 CAR (0.93) | Plate: APO9CR0799] 
2025-07-30 14:25:55,700 | 🚗 CAR (0.92) | Plate: APO9CR0799
2025-07-30 14:25:56,155 | 🚗 CAR (0.93) | Plate: APO9CR0799
2025-07-30 14:25:56,582 | 🚗 CAR (0.91) | Plate: APO9CR0799
2025-07-30 14:25:56,972 | 🚗 CAR (0.91) | Plate: APO9CR0799
2025-07-30 14:25:57,378 | 🚗 CAR (0.94) | Plate: APO9CRO799
2025-07-30 14:25:57,776 | 🚗 CAR (0.94) | Plate: APO9CRO799
2025-07-30 14:25:58,179 | 🚗 CAR (0.93) | Plate: APO9CR0799
2025-07-30 14:25:58,572 | 🚗 CAR (0.95) | Plate: APO9CRO799
2025-07-30 14:25:58,952 | 🚗 CAR (0.95) | Plate: APO9CR0799
2025-07-30 14:25:59,340 | 🚗 CAR (0.93) | Plate: APO9CRO799
2025-07-30 14:25:59,746 | 🚗 CAR (0.94) | Plate: APO9CRO799
2025-07-30 14:26:00,136 | 🚗 CAR (0.95) | Plate: APO9CRO799
2025-07-30 14:26:00,530 | 🚗 CAR (0.92) | Plate: APO9CRO799
2025-07-30 14:26:00,894 | 🚗 CAR (0.91) | Plate: APO9CR0799
2025-07-30 14:26:01,263 | 🚗 CAR (0.92) | Plate: APO9CRO799
2025-07-30 14:26:01,640 | 🚗 CAR (0.92) | Plate: APO9CR0799
2025-07-30 14:26:02,005 | 🚗 CAR (0.93) | Plate: APO9CRO799
2025-07-30 14:26:02,378 | 🚗 CAR (0.95) | Plate: APO9CRO799
2025-07-30 14:26:02,738 | 🚗 CAR (0.92) | Plate: APO9CR0799
2025-07-30 14:26:03,065 | 🚗 CAR (0.94) | Plate: APO9CRO799
2025-07-30 14:26:03,390 | 🚗 CAR (0.94) | Plate: APO9CRO799
2025-07-30 14:26:03,736 | 🚗 CAR (0.93) | Plate: APO9CR0799
2025-07-30 14:26:04,050 | 🚗 CAR (0.92) | Plate: APO9CRO799
2025-07-30 14:26:04,351 | 🚗 CAR (0.94) | Plate: APO9CRO799
2025-07-30 14:26:04,685 | 🚗 CAR (0.94) | Plate: APO9CRO799
2025-07-30 14:26:04,995 | 🚗 CAR (0.92) | Plate: APO9CRO799
2025-07-30 14:26:05,317 | 🚗 CAR (0.92) | Plate: APO9CRO799
2025-07-30 14:26:05,529 | 🚗 CAR (0.90) | Plate: APO9CRO799
2025-07-30 14:26:05,903 | 🚗 CAR (0.94) | Plate: APO9CRO799
2025-07-30 14:26:06,236 | 🚗 CAR (0.92) | Plate: APO9CRO799
2025-07-30 14:26:06,563 | 🚗 CAR (0.93) | Plate: APO9CRO799
2025-07-30 14:26:06,966 | 🚗 CAR (0.93) | Plate: APO9CRO799
2025-07-30 14:26:07,325 | 🚗 CAR (0.93) | Plate: APO9CRO799
2025-07-30 14:26:07,696 | 🚗 CAR (0.93) | Plate: APO9CR0799
2025-07-30 14:26:08,019 | 🚗 CAR (0.90) | Plate: APO9CRO799
2025-07-30 14:26:08,356 | 🚗 CAR (0.90) | Plate: APO9CRO799
2025-07-30 14:26:08,686 | 🚗 CAR (0.87) | Plate: APO9CRO799
2025-07-30 14:26:09,062 | 🚗 CAR (0.90) | Plate: APO9CR0799
2025-07-30 14:26:09,392 | 🚗 CAR (0.88) | Plate: APO9CRO799
2025-07-30 14:26:11,427 | 🚗 CAR (0.60) | Plate: ATCECRO7S9
2025-07-30 14:26:12,944 | 🚗 CAR (0.69) | Plate: APOGCR0739
2025-07-30 14:27:42,383 | 📸 TRUCK (0.62) | Plate: VEIJ5
2025-07-30 14:27:42,577 | 📸 TRUCK (0.81) | Plate: JRUO9I
2025-07-30 14:27:42,786 | 📸 TRUCK (0.72) | Plate: 48ESE
2025-07-30 14:27:42,956 | 📸 TRUCK (0.87) | Plate: 1512
2025-07-30 14:27:43,354 | 📸 TRUCK (0.87) | Plate: (VB4JSO
2025-07-30 14:27:43,801 | 📸 TRUCK (0.76) | Plate: 1917
2025-07-30 14:27:44,017 | 📸 BUS (0.77) | Plate: 4LJED
2025-07-30 14:27:44,640 | 📸 BUS (0.87) | Plate: VENEL
2025-07-30 14:27:44,902 | 📸 BUS (0.76) | Plate: 7842
2025-07-30 14:28:09,378 | 🚗 CAR (0.89) | Plate: 1691
2025-07-30 14:28:09,592 | 🚗 CAR (0.91) | Plate: 16981
2025-07-30 14:28:10,133 | 🚗 CAR (0.94) | Plate: IG H
2025-07-30 14:28:10,393 | 🚗 CAR (0.93) | Plate: DE9D|
2025-07-30 14:28:10,660 | 🚗 CAR (0.86) | Plate: LTU1 3698
2025-07-30 14:28:10,836 | 🚗 CAR (0.83) | Plate: 2690]
2025-07-30 14:28:11,238 | 🚗 CAR (0.90) | Plate: ML3698)
2025-07-30 14:28:11,396 | 🚗 CAR (0.86) | Plate: LGW8695
2025-07-30 14:28:11,631 | 🚗 CAR (0.81) | Plate: 4G V3696
2025-07-30 14:28:11,886 | 🚗 CAR (0.86) | Plate: HIG II
2025-07-30 14:28:12,042 | 🚗 CAR (0.89) | Plate: 3695
2025-07-30 14:28:12,191 | 🚗 CAR (0.88) | Plate: HGW2695
2025-07-30 14:28:12,443 | 🚗 CAR (0.92) | Plate: HG_M3698
2025-07-30 14:28:13,092 | 🚗 CAR (0.91) | Plate: 55951
2025-07-30 14:28:38,394 | 🚗 CAR (0.74) | Plate: PERSCR
2025-07-30 14:32:15,816 | 🚗 CAR (0.92) | Plate: TICM
2025-07-30 14:32:16,131 | 🚗 CAR (0.92) | Plate: JID5IU
2025-07-30 14:32:16,302 | 🚗 CAR (0.90) | Plate: UCTOD
2025-07-30 14:32:16,475 | 🚗 CAR (0.93) | Plate: MICDU
2025-07-30 14:32:16,617 | 🚗 CAR (0.93) | Plate: LUOZIUD
2025-07-30 14:32:16,796 | 🚗 CAR (0.92) | Plate: EIQUEL
2025-07-30 14:32:16,991 | 🚗 CAR (0.89) | Plate: LUII
2025-07-30 14:32:17,119 | 🚗 CAR (0.88) | Plate: LNIL
2025-07-30 14:32:18,299 | 🚗 CAR (0.91) | Plate: MZZI
2025-07-30 14:32:19,075 | 🚗 CAR (0.87) | Plate: DIZHS
2025-07-30 14:32:19,224 | 🚗 CAR (0.88) | Plate: [RIZ
2025-07-30 14:32:19,365 | 🚗 CAR (0.86) | Plate: DILY
2025-07-30 14:32:19,548 | 🚗 CAR (0.87) | Plate: DIZLY
2025-07-30 14:32:20,197 | 🚗 CAR (0.87) | Plate: MTZ]
2025-07-30 14:32:20,841 | 🚗 CAR (0.82) | Plate: MAUD
2025-07-30 14:32:21,113 | 🚗 CAR (0.79) | Plate: MARUD
2025-07-30 14:32:22,173 | 🚗 CAR (0.63) | Plate: PERSCN
2025-07-30 14:32:22,453 | 🚗 CAR (0.55) | Plate: PATE
2025-07-30 14:32:22,576 | 🚗 CAR (0.60) | Plate: PEJER
2025-07-30 14:32:22,743 | 🚗 CAR (0.64) | Plate: DEIS
2025-07-30 14:32:23,343 | 🚗 CAR (0.52) | Plate: A8PX3
2025-07-30 14:32:23,506 | 🚗 CAR (0.60) | Plate: ERSO
2025-07-30 14:37:45,759 | 🚗 CAR (0.83) | Plate: ARUSCOS]
2025-07-30 14:37:46,023 | 🚗 CAR (0.58) | Plate: ARUVU)
2025-07-30 14:37:46,755 | 🚗 CAR (0.51) | Plate: APO9CR0799
2025-07-30 14:37:47,255 | 🚗 CAR (0.74) | Plate: APO9CR0799
2025-07-30 14:37:47,975 | 🚗 CAR (0.91) | Plate: APO9CR0799
2025-07-30 14:37:48,395 | 🚗 CAR (0.90) | Plate: APO9CR0799
2025-07-30 14:47:01,145 | 🚗 CAR (0.72) | Plate: APO9CR0799] 
2025-07-30 14:47:01,446 | 🚗 CAR (0.79) | Plate: APO9CRO799
2025-07-30 14:47:01,679 | 🚗 CAR (0.81) | Plate: APO9CR0799
2025-07-30 14:47:02,183 | 🚗 CAR (0.65) | Plate: APO9CRO799
2025-07-30 14:47:02,659 | 🚗 CAR (0.67) | Plate: APO9CR0799
2025-07-30 14:47:03,019 | 🚗 CAR (0.65) | Plate: APO9CR0Z99
2025-07-30 14:47:03,508 | 🚗 CAR (0.69) | Plate: APO9CRO799
2025-07-30 14:50:02,803 | 🚗 CAR (0.60) | Plate: TS08 JU0810]
2025-07-30 14:50:03,411 | 🚗 CAR (0.60) | Plate: 'TS08 _
2025-07-30 14:50:04,017 | 🚗 CAR (0.53) | Plate: TSO8 JUO810]
2025-07-30 14:50:04,392 | 🚗 CAR (0.55) | Plate: CRVST
2025-07-30 14:50:04,933 | 🚗 CAR (0.52) | Plate: TS08 JU08101
2025-07-30 14:53:27,621 | 🚗 CAR (0.62) | Plate: APO9CRO799
2025-07-30 14:53:27,934 | 🚗 CAR (0.86) | Plate: APO9CRO799
2025-07-30 14:53:28,135 | 🚗 CAR (0.72) | Plate: APO9CR0799
2025-07-30 14:53:28,453 | 🚗 CAR (0.51) | Plate: APO9CR0799
2025-07-30 14:53:28,580 | 🚗 CAR (0.65) | Plate: APO9CRO799
2025-07-30 14:53:28,717 | 🚗 CAR (0.68) | Plate: APO9CRO799 
2025-07-30 14:53:28,985 | 🚗 CAR (0.55) | Plate: APO9CR0799
2025-07-30 14:53:29,256 | 🚗 CAR (0.67) | Plate: APO9CRO799
2025-07-30 14:53:29,377 | 🚗 CAR (0.69) | Plate: APO9CR0799
2025-07-30 14:53:29,520 | 🚗 CAR (0.75) | Plate: APO9CRO799
2025-07-30 14:53:29,649 | 🚗 CAR (0.76) | Plate: APO9CR0799
2025-07-30 14:53:29,977 | 🚗 CAR (0.64) | Plate: APO9CRO799
2025-07-30 14:53:30,253 | 🚗 CAR (0.76) | Plate: APO9CR0799
2025-07-30 14:54:10,573 | 🚗 CAR (0.59) | Plate: AP 0947 3515]
2025-07-30 14:54:11,020 | 🚗 CAR (0.73) | Plate: AP 094Z,3515 _
2025-07-30 14:54:12,146 | 🚗 CAR (0.71) | Plate: AP 0942,3515
2025-07-30 14:54:12,577 | 🚗 CAR (0.60) | Plate: AP 09423515 
2025-07-30 14:54:13,008 | 🚗 CAR (0.79) | Plate: AP 0942,3515
2025-07-30 14:54:13,237 | 🚗 CAR (0.74) | Plate: AP 0942,3515
2025-07-30 14:54:13,465 | 🚗 CAR (0.72) | Plate: AP 0942,3515
2025-07-30 14:54:13,816 | 🚗 CAR (0.71) | Plate: AP 0942,3515
2025-07-30 14:54:14,136 | 🚗 CAR (0.80) | Plate: AP 0942,3515
2025-07-30 14:54:14,415 | 🚗 CAR (0.69) | Plate: AP 094Z 3515
2025-07-30 14:54:14,679 | 🚗 CAR (0.63) | Plate: AP 0942,3515
2025-07-30 14:54:14,954 | 🚗 CAR (0.57) | Plate: AP 0942,3515
2025-07-30 14:54:15,218 | 🚗 CAR (0.58) | Plate: AP 09423515
2025-07-30 14:55:21,070 | 🚗 CAR (0.67) | Plate: TG0Z |
2025-07-30 14:55:21,297 | 🚗 CAR (0.92) | Plate: 000717L20
2025-07-30 14:55:21,593 | 🚗 CAR (0.92) | Plate: 1G07
2025-07-30 14:55:21,875 | 🚗 CAR (0.90) | Plate: 7G0Z17L20)
2025-07-30 14:55:22,177 | 🚗 CAR (0.92) | Plate: 160Z17420
2025-07-30 14:55:22,537 | 🚗 CAR (0.91) | Plate: GOZI
2025-07-30 14:55:26,854 | 🚗 CAR (0.74) | Plate: TGOZIZLZO
2025-07-30 14:55:27,634 | 🚗 CAR (0.93) | Plate: GO7A0
2025-07-30 14:55:28,136 | 🚗 CAR (0.92) | Plate: TGOZ T
2025-07-30 14:55:28,603 | 🚗 CAR (0.92) | Plate: 7420
2025-07-30 14:55:28,964 | 🚗 CAR (0.91) | Plate: TG0Z T
2025-07-30 14:55:29,188 | 🚗 CAR (0.91) | Plate: 7420
2025-07-30 14:55:29,700 | 🚗 CAR (0.91) | Plate: 7420
2025-07-30 14:55:30,058 | 🚗 CAR (0.91) | Plate: TG0Z T
2025-07-30 14:55:30,266 | 🚗 CAR (0.92) | Plate: TGOZ T
2025-07-30 14:55:30,792 | 🚗 CAR (0.92) | Plate: 7420
2025-07-30 14:55:31,136 | 🚗 CAR (0.92) | Plate: 7420
2025-07-30 14:55:31,443 | 🚗 CAR (0.93) | Plate: 7420
2025-07-30 14:55:31,731 | 🚗 CAR (0.92) | Plate: 7420
2025-07-30 14:55:32,049 | 🚗 CAR (0.93) | Plate: 7420
2025-07-30 14:55:32,384 | 🚗 CAR (0.91) | Plate: TGOZ T
2025-07-30 14:55:32,720 | 🚗 CAR (0.94) | Plate: 7420
2025-07-30 14:55:33,106 | 🚗 CAR (0.93) | Plate: 7420
2025-07-30 14:55:33,402 | 🚗 CAR (0.92) | Plate: 7420
2025-07-30 14:55:33,816 | 🚗 CAR (0.91) | Plate: TG07 T 7420
2025-07-30 14:55:34,164 | 🚗 CAR (0.93) | Plate: T7L20
2025-07-30 14:55:34,547 | 🚗 CAR (0.94) | Plate: 7420
2025-07-30 14:55:34,877 | 🚗 CAR (0.93) | Plate: TG07 T7420
2025-07-30 14:55:35,230 | 🚗 CAR (0.92) | Plate: TG07 7420
2025-07-30 14:55:35,478 | 🚗 CAR (0.93) | Plate: 7GOZ T
2025-07-30 14:55:35,798 | 🚗 CAR (0.93) | Plate: TGOZ T
2025-07-30 14:55:36,180 | 🚗 CAR (0.93) | Plate: 7420
2025-07-30 14:55:36,667 | 🚗 CAR (0.92) | Plate: TG0Z T
2025-07-30 14:55:36,912 | 🚗 CAR (0.93) | Plate: 7420
2025-07-30 14:55:37,398 | 🚗 CAR (0.92) | Plate: 7420
2025-07-30 14:55:37,774 | 🚗 CAR (0.92) | Plate: 7420
2025-07-30 14:55:38,139 | 🚗 CAR (0.93) | Plate: TGOZI
2025-07-30 14:55:38,510 | 🚗 CAR (0.93) | Plate: 7420
2025-07-30 14:55:38,725 | 🚗 CAR (0.93) | Plate: 7420
2025-07-30 14:55:39,135 | 🚗 CAR (0.92) | Plate: 7420
2025-07-30 14:55:39,691 | 🚗 CAR (0.93) | Plate: 17420
2025-07-30 14:55:39,934 | 🚗 CAR (0.94) | Plate: 7 420
2025-07-30 14:55:40,337 | 🚗 CAR (0.94) | Plate: 7420
2025-07-30 14:55:40,665 | 🚗 CAR (0.93) | Plate: TGOZ T
2025-07-30 14:55:41,158 | 🚗 CAR (0.92) | Plate: 7420
2025-07-30 14:55:41,482 | 🚗 CAR (0.92) | Plate: TG07 [7420
2025-07-30 14:55:41,820 | 🚗 CAR (0.93) | Plate: 7420
2025-07-30 14:55:42,151 | 🚗 CAR (0.92) | Plate: 7420
2025-07-30 14:55:42,490 | 🚗 CAR (0.93) | Plate: 7420
2025-07-30 14:55:42,878 | 🚗 CAR (0.92) | Plate: 7420
2025-07-30 15:33:54,350 | 📸 TRUCK (0.83) | Plate: FOR_
2025-07-30 15:33:54,525 | 📸 TRUCK (0.83) | Plate: FOR_
2025-07-30 15:33:54,716 | 📸 TRUCK (0.82) | Plate: 'FOR
2025-07-30 15:33:54,884 | 📸 TRUCK (0.81) | Plate: 'FOR
2025-07-30 15:33:55,053 | 📸 TRUCK (0.81) | Plate: 'FOR
2025-07-30 15:33:55,221 | 📸 TRUCK (0.81) | Plate: 'FOR
2025-07-30 15:33:55,383 | 📸 TRUCK (0.80) | Plate: LRSD
2025-07-30 15:33:55,554 | 📸 TRUCK (0.82) | Plate: LRSD
2025-07-30 15:33:55,719 | 📸 TRUCK (0.81) | Plate: LRSD
2025-07-30 15:33:57,249 | 📸 TRUCK (0.80) | Plate: LERSIE
2025-07-30 15:33:57,424 | 📸 TRUCK (0.82) | Plate: LESI
2025-07-30 15:33:58,575 | 📸 TRUCK (0.83) | Plate: JICIE
2025-07-30 15:33:58,776 | 📸 TRUCK (0.86) | Plate: TEE2
2025-07-30 15:33:58,942 | 📸 TRUCK (0.85) | Plate: JSIE
2025-07-30 15:33:59,110 | 📸 TRUCK (0.84) | Plate: JSIE
2025-07-30 23:35:58,606 | 🚗 CAR (0.86) | Plate: IG 34 0301
2025-07-30 23:35:58,778 | 🚗 CAR (0.91) | Plate: 4G 24 0340
2025-07-30 23:35:59,063 | 🚗 CAR (0.84) | Plate: 1G 34 0340
2025-07-30 23:35:59,556 | 🚗 CAR (0.86) | Plate: IG 34 0340
2025-07-30 23:35:59,825 | 🚗 CAR (0.84) | Plate: 1G 34 03405
2025-07-30 23:36:00,059 | 🚗 CAR (0.88) | Plate: IG 34
2025-07-30 23:36:00,742 | 🚗 CAR (0.92) | Plate: IG 34
2025-07-30 23:36:01,297 | 🚗 CAR (0.80) | Plate: 16 24 03L0
2025-07-30 23:36:01,638 | 🚗 CAR (0.89) | Plate: [6 24 03L0
2025-07-30 23:36:02,183 | 🚗 CAR (0.87) | Plate: 1G 34 0340
2025-07-30 23:36:02,824 | 🚗 CAR (0.85) | Plate: 1G 24 03405
2025-07-30 23:36:03,104 | 🚗 CAR (0.78) | Plate: IG 24 0240
2025-07-30 23:36:03,428 | 🚗 CAR (0.84) | Plate: 16 34
2025-07-30 23:36:03,760 | 🚗 CAR (0.82) | Plate: "G,24 0340
2025-07-30 23:36:03,924 | 🚗 CAR (0.86) | Plate: 1G 24 0340N
2025-07-30 23:36:04,222 | 🚗 CAR (0.89) | Plate: 1G 24 0340
2025-07-30 23:36:04,479 | 🚗 CAR (0.87) | Plate: IG 1 014O
2025-07-30 23:36:05,032 | 🚗 CAR (0.88) | Plate: "1G 24 0340
2025-07-30 23:36:05,304 | 🚗 CAR (0.80) | Plate: IG 34
2025-07-30 23:36:05,761 | 🚗 CAR (0.89) | Plate: 1G 24 0240
2025-07-30 23:36:13,196 | 🚗 CAR (0.74) | Plate: WELDE
2025-07-30 23:36:13,498 | 🚗 CAR (0.87) | Plate: 08D.D
2025-07-30 23:36:13,809 | 🚗 CAR (0.91) | Plate: TG 34 0340
2025-07-30 23:36:13,955 | 🚗 CAR (0.88) | Plate: 8G 34 030
2025-07-30 23:36:14,229 | 🚗 CAR (0.88) | Plate: TG 34 0340
2025-07-30 23:36:14,483 | 🚗 CAR (0.88) | Plate: TG 34 0340
2025-07-30 23:36:14,614 | 🚗 CAR (0.87) | Plate: 1G,34 0340
2025-07-30 23:36:14,849 | 🚗 CAR (0.87) | Plate: TG 34 0340
2025-07-30 23:36:15,080 | 🚗 CAR (0.88) | Plate: IG 34 0340
2025-07-30 23:36:15,313 | 🚗 CAR (0.87) | Plate: TG 34 0340
2025-07-30 23:36:15,553 | 🚗 CAR (0.86) | Plate: TG 34 0340
2025-07-30 23:36:15,786 | 🚗 CAR (0.88) | Plate: IG 34 0340
2025-07-30 23:36:16,017 | 🚗 CAR (0.91) | Plate: 1G 34 03401
2025-07-30 23:36:16,249 | 🚗 CAR (0.85) | Plate: 1G 34 0340
2025-07-30 23:36:16,480 | 🚗 CAR (0.90) | Plate: 1G 34 0340 
2025-07-30 23:36:16,724 | 🚗 CAR (0.79) | Plate: 1G 34 0340
2025-07-30 23:36:16,950 | 🚗 CAR (0.82) | Plate: 1G 34 0340
2025-07-30 23:36:17,183 | 🚗 CAR (0.73) | Plate: 1G 34 0340
2025-07-30 23:36:17,421 | 🚗 CAR (0.88) | Plate: 1G 34 0340
2025-08-04 17:16:21,471 | 🚗 CAR (0.59) | Plate: TS08_
2025-08-04 17:16:22,906 | 🚗 CAR (0.62) | Plate: TS08JU0810
2025-08-04 17:16:23,140 | 🚗 CAR (0.53) | Plate: TS08JU0810
2025-08-04 17:16:28,805 | 🚗 CAR (0.74) | Plate: TS08JU08101
2025-08-04 17:16:29,345 | 🚗 CAR (0.63) | Plate: TS08JU0810
2025-08-04 17:16:30,229 | 🚗 CAR (0.57) | Plate: TSO8JU0810
2025-08-04 17:16:30,432 | 🚗 CAR (0.77) | Plate: TS08 JU0810]
2025-08-04 17:16:30,965 | 🚗 CAR (0.73) | Plate: TS08JU0810
2025-08-04 17:16:31,897 | 🚗 CAR (0.50) | Plate: TS08 JU0810]
2025-08-04 17:16:32,101 | 🚗 CAR (0.63) | Plate: TS08JU0810]
2025-08-04 17:16:32,645 | 🚗 CAR (0.82) | Plate: TS08JU08107
2025-08-04 17:16:33,193 | 🚗 CAR (0.82) | Plate: TS08JU08107
2025-08-04 17:24:14,510 | 🚗 CAR (0.70) | Plate: ETS08 JU0810
2025-08-04 17:24:15,257 | 🚗 CAR (0.70) | Plate: IS08JU08107
2025-08-04 17:24:15,914 | 🚗 CAR (0.83) | Plate: ETSO8 JU0810]
2025-08-04 17:24:16,589 | 🚗 CAR (0.66) | Plate: 'TS08JU0810
2025-08-04 17:24:17,244 | 🚗 CAR (0.75) | Plate: IS08JU0810
2025-08-04 17:24:24,159 | 🚗 CAR (0.80) | Plate: AP 094Z,3515
2025-08-04 17:24:24,793 | 🚗 CAR (0.86) | Plate: AP 094Z,3515
2025-08-04 17:24:25,420 | 🚗 CAR (0.88) | Plate: AP 0947 3515
2025-08-04 17:24:26,049 | 🚗 CAR (0.86) | Plate: AP 0942,3515
2025-08-04 17:24:26,705 | 🚗 CAR (0.88) | Plate: AP 094Z.3515
2025-08-04 17:24:27,371 | 🚗 CAR (0.83) | Plate: AP 09423515
2025-08-04 17:24:28,021 | 🚗 CAR (0.85) | Plate: AP094Z3515
2025-08-04 17:24:32,415 | 🚗 CAR (0.81) | Plate: AP 0942,3515
2025-08-04 17:24:33,064 | 🚗 CAR (0.90) | Plate: AP 0942,3515
2025-08-04 17:24:33,692 | 🚗 CAR (0.92) | Plate: AP 09423515
2025-08-04 17:24:34,320 | 🚗 CAR (0.90) | Plate: AP 094Z3515
2025-08-04 17:24:34,952 | 🚗 CAR (0.88) | Plate: AP 094Z3515
2025-08-04 17:24:38,268 | 🚗 CAR (0.88) | Plate: APOSCRO7S]
2025-08-04 17:24:38,933 | 🚗 CAR (0.92) | Plate: APO9CRO799 
2025-08-04 17:24:39,541 | 🚗 CAR (0.92) | Plate: APO9CR0799
2025-08-04 17:24:40,198 | 🚗 CAR (0.93) | Plate: APO9CRO799
2025-08-04 17:24:40,799 | 🚗 CAR (0.92) | Plate: APO9CRO799
2025-08-04 17:25:44,152 | 🚗 CAR (0.69) | Plate: APO9CRO799
2025-08-04 17:25:44,786 | 🚗 CAR (0.84) | Plate: APO9CR0799
2025-08-04 17:25:45,384 | 🚗 CAR (0.88) | Plate: APO9CR0799
2025-08-04 17:25:45,991 | 🚗 CAR (0.90) | Plate: APO9CR0799
2025-08-04 17:25:46,593 | 🚗 CAR (0.75) | Plate: APO9CR0799
2025-08-04 17:29:11,240 | 🚗 CAR (0.85) | Plate: APO9CRO799
2025-08-04 17:29:11,894 | 🚗 CAR (0.85) | Plate: APO9CR0799
2025-08-04 17:29:12,499 | 🚗 CAR (0.88) | Plate: APO9CR0799
2025-08-04 17:29:13,101 | 🚗 CAR (0.82) | Plate: APO9CR0799 
2025-08-04 17:29:13,718 | 🚗 CAR (0.83) | Plate: APO9CR0799
2025-08-04 17:29:22,898 | 📸 BUS (0.73) | Plate: GBLE 
2025-08-04 17:29:23,532 | 📸 BUS (0.69) | Plate: EBLUE GIED
2025-08-04 17:29:24,161 | 📸 BUS (0.84) | Plate: GBUD
2025-08-04 17:29:24,762 | 📸 BUS (0.79) | Plate: BBLE:
2025-08-04 17:29:25,410 | 📸 BUS (0.84) | Plate: EBLE
2025-08-04 17:29:25,985 | 📸 BUS (0.79) | Plate: EBLE
2025-08-04 17:29:26,543 | 📸 BUS (0.81) | Plate: OBLUE
2025-08-04 17:33:46,822 | 🚗 CAR (0.83) | Plate: TS08JU08
2025-08-04 17:33:48,026 | 🚗 CAR (0.75) | Plate: 'TS08JUO810]
2025-08-04 17:33:48,646 | 🚗 CAR (0.75) | Plate: ISO8JU0810
2025-08-04 17:33:49,286 | 🚗 CAR (0.70) | Plate: TS08JU0810]
2025-08-04 17:34:16,752 | 🚗 CAR (0.77) | Plate: AP09423515
2025-08-04 17:34:17,868 | 🚗 CAR (0.77) | Plate: AP0942.3515,
2025-08-04 17:34:18,454 | 🚗 CAR (0.78) | Plate: AP0942 3515}
2025-08-04 17:34:21,632 | 🚗 CAR (0.86) | Plate: APO9CR0799
2025-08-04 17:34:22,217 | 🚗 CAR (0.85) | Plate: APO9CRO799
2025-08-04 17:34:22,848 | 🚗 CAR (0.86) | Plate: APO9CRO799
2025-08-04 17:34:23,499 | 🚗 CAR (0.83) | Plate: APO9CR0799
2025-08-04 17:34:30,673 | 🚗 CAR (0.55) | Plate: 'TSOB JU0810
2025-08-04 17:34:31,348 | 🚗 CAR (0.51) | Plate: TS08
2025-08-04 17:34:32,029 | 🚗 CAR (0.76) | Plate: TS08JUOB -
2025-08-04 17:34:32,671 | 🚗 CAR (0.87) | Plate: TS08
2025-08-04 17:35:31,074 | 📸 BUS (0.52) | Plate: PERSON
2025-08-07 16:33:25,786 | 🚗 CAR (0.50) | Plate: PERSON 166_
2025-08-07 16:33:26,866 | 🚗 CAR (0.54) | Plate: PERSEN
2025-08-07 16:33:27,898 | 🚗 CAR (0.53) | Plate: PERSET
2025-08-07 16:33:46,087 | 🚗 CAR (0.54) | Plate: GSON
